#
# There is insufficient memory for the Java Runtime Environment to continue.
# Native memory allocation (mmap) failed to map 87031808 bytes for committing reserved memory.
# Possible reasons:
#   The system is out of physical RAM or swap space
#   In 32 bit mode, the process size limit was hit
# Possible solutions:
#   Reduce memory load on the system
#   Increase physical memory or swap space
#   Check if swap backing store is full
#   Use 64 bit Java on a 64 bit OS
#   Decrease Java heap size (-Xmx/-Xms)
#   Decrease number of Java threads
#   Decrease Java thread stack sizes (-Xss)
#   Set larger code cache with -XX:ReservedCodeCacheSize=
# This output file may be truncated or incomplete.
#
#  Out of Memory Error (os_linux.cpp:2627), pid=26734, tid=140178686428928
#
# JRE version: OpenJDK Runtime Environment (8.0_66-b17) (build 1.8.0_66-internal-b17)
# Java VM: OpenJDK 64-Bit Server VM (25.66-b17 mixed mode linux-amd64 compressed oops)
# Failed to write core dump. Core dumps have been disabled. To enable core dumping, try "ulimit -c unlimited" before starting Java again
#

---------------  T H R E A D  ---------------

Current thread (0x00007f7dfc078000):  VMThread [stack: 0x00007f7de4bf4000,0x00007f7de4cf5000] [id=26744]

Stack: [0x00007f7de4bf4000,0x00007f7de4cf5000],  sp=0x00007f7de4cf34c0,  free space=1021k
Native frames: (J=compiled Java code, j=interpreted, Vv=VM code, C=native code)
V  [libjvm.so+0xa5c97b]
V  [libjvm.so+0x4c103c]
V  [libjvm.so+0x8adbd0]
V  [libjvm.so+0x8a806e]
V  [libjvm.so+0x921bfb]
V  [libjvm.so+0x922f43]
V  [libjvm.so+0x91f5f3]
V  [libjvm.so+0x91f8bc]
V  [libjvm.so+0x8d2413]
V  [libjvm.so+0xa5e632]
V  [libjvm.so+0xa636b7]
V  [libjvm.so+0xa60e87]
V  [libjvm.so+0xa6230f]
V  [libjvm.so+0xa62801]
V  [libjvm.so+0x8ab0d2]

VM_Operation (0x00007f7ddfcfac40): ParallelGCFailedAllocation, mode: safepoint, requested by thread 0x00007f7dfc178000


---------------  P R O C E S S  ---------------

Java Threads: ( => current thread )
  0x00007f7dfc193800 JavaThread "pool-1-thread-4" [_thread_blocked, id=26778, stack(0x00007f7ddf7f8000,0x00007f7ddf8f9000)]
  0x00007f7dfc190000 JavaThread "pool-1-thread-3" [_thread_blocked, id=26777, stack(0x00007f7ddf8f9000,0x00007f7ddf9fa000)]
  0x00007f7dfc18e000 JavaThread "pool-1-thread-2" [_thread_blocked, id=26775, stack(0x00007f7ddf9fa000,0x00007f7ddfafb000)]
  0x00007f7dfc17a800 JavaThread "pool-2-thread-1" [_thread_blocked, id=26773, stack(0x00007f7ddfafb000,0x00007f7ddfbfc000)]
  0x00007f7dfc178000 JavaThread "pool-1-thread-1" [_thread_blocked, id=26771, stack(0x00007f7ddfbfc000,0x00007f7ddfcfd000)]
  0x00007f7dfc0b8000 JavaThread "Service Thread" daemon [_thread_blocked, id=26751, stack(0x00007f7ddfdfe000,0x00007f7ddfeff000)]
  0x00007f7dfc0b3000 JavaThread "C1 CompilerThread2" daemon [_thread_blocked, id=26750, stack(0x00007f7ddfeff000,0x00007f7de0000000)]
  0x00007f7dfc0b1000 JavaThread "C2 CompilerThread1" daemon [_thread_blocked, id=26749, stack(0x00007f7de400d000,0x00007f7de410e000)]
  0x00007f7dfc0ae000 JavaThread "C2 CompilerThread0" daemon [_thread_blocked, id=26748, stack(0x00007f7de410e000,0x00007f7de420f000)]
  0x00007f7dfc0ac000 JavaThread "Signal Dispatcher" daemon [_thread_blocked, id=26747, stack(0x00007f7de420f000,0x00007f7de4310000)]
  0x00007f7dfc07f000 JavaThread "Finalizer" daemon [_thread_blocked, id=26746, stack(0x00007f7de49f2000,0x00007f7de4af3000)]
  0x00007f7dfc07d000 JavaThread "Reference Handler" daemon [_thread_blocked, id=26745, stack(0x00007f7de4af3000,0x00007f7de4bf4000)]
  0x00007f7dfc00a000 JavaThread "main" [_thread_blocked, id=26737, stack(0x00007f7e039f1000,0x00007f7e03af2000)]

Other Threads:
=>0x00007f7dfc078000 VMThread [stack: 0x00007f7de4bf4000,0x00007f7de4cf5000] [id=26744]
  0x00007f7dfc0ba800 WatcherThread [stack: 0x00007f7ddfcfd000,0x00007f7ddfdfe000] [id=26752]

VM state:at safepoint (normal execution)

VM Mutex/Monitor currently owned by a thread:  ([mutex/lock_event])
[0x00007f7dfc0066d0] Threads_lock - owner thread: 0x00007f7dfc078000
[0x00007f7dfc006bd0] Heap_lock - owner thread: 0x00007f7dfc178000

Heap:
 PSYoungGen      total 68608K, used 5096K [0x00000000eab00000, 0x00000000ef300000, 0x0000000100000000)
  eden space 63488K, 0% used [0x00000000eab00000,0x00000000eab00000,0x00000000ee900000)
  from space 5120K, 99% used [0x00000000ee900000,0x00000000eedfa210,0x00000000eee00000)
  to   space 5120K, 0% used [0x00000000eee00000,0x00000000eee00000,0x00000000ef300000)
 ParOldGen       total 84992K, used 26111K [0x00000000c0000000, 0x00000000c5300000, 0x00000000eab00000)
  object space 84992K, 30% used [0x00000000c0000000,0x00000000c197fc58,0x00000000c5300000)
 Metaspace       used 5907K, capacity 7024K, committed 7296K, reserved 1056768K
  class space    used 580K, capacity 616K, committed 640K, reserved 1048576K

Card table byte_map: [0x00007f7decdff000,0x00007f7ded000000] byte_map_base: 0x00007f7dec7ff000

Marking Bits: (ParMarkBitMap*) 0x00007f7e02cc8000
 Begin Bits: [0x00007f7de6000000, 0x00007f7de7000000)
 End Bits:   [0x00007f7de7000000, 0x00007f7de8000000)

Polling page: 0x00007f7e03b18000

CodeCache: size=245760Kb used=5357Kb max_used=5357Kb free=240402Kb
 bounds [0x00007f7ded000000, 0x00007f7ded550000, 0x00007f7dfc000000]
 total_blobs=1620 nmethods=1351 adapters=182
 compilation: enabled

Compilation events (10 events):
Event: 6.597 Thread 0x00007f7dfc0b3000 nmethod 1657 0x00007f7ded535f90 code [0x00007f7ded5361e0, 0x00007f7ded536f18]
Event: 6.597 Thread 0x00007f7dfc0b3000 1658 %     3       com.android.dx.ssa.SsaConverter::edgeSplitMoveExceptionsAndResults @ 12 (157 bytes)
Event: 6.599 Thread 0x00007f7dfc0b3000 nmethod 1658% 0x00007f7ded539650 code [0x00007f7ded5399e0, 0x00007f7ded53b6a8]
Event: 6.599 Thread 0x00007f7dfc0b3000 1649 % !   3       com.android.dx.cf.code.Ropper::doit @ 21 (126 bytes)
Event: 6.635 Thread 0x00007f7dfc0b1000 nmethod 1610 0x00007f7ded535950 code [0x00007f7ded535ac0, 0x00007f7ded535d58]
Event: 6.635 Thread 0x00007f7dfc0b1000 1608       4       java.util.ArrayList$SubList::<init> (46 bytes)
Event: 6.636 Thread 0x00007f7dfc0b1000 nmethod 1608 0x00007f7ded4d1f90 code [0x00007f7ded4d20e0, 0x00007f7ded4d2198]
Event: 6.636 Thread 0x00007f7dfc0b1000 1580       4       java.util.ArrayList::subListRangeCheck (110 bytes)
Event: 6.638 Thread 0x00007f7dfc0b3000 nmethod 1649% 0x00007f7ded53e2d0 code [0x00007f7ded53e5e0, 0x00007f7ded53faf8]
Event: 6.638 Thread 0x00007f7dfc0b3000 1663 %     3       com.android.dx.ssa.PhiInsn::getSources @ 48 (95 bytes)

GC Heap History (9 events):
Event: 3.279 GC heap before
{Heap before GC invocations=1 (full 0):
 PSYoungGen      total 36864K, used 31744K [0x00000000eab00000, 0x00000000ed400000, 0x0000000100000000)
  eden space 31744K, 100% used [0x00000000eab00000,0x00000000eca00000,0x00000000eca00000)
  from space 5120K, 0% used [0x00000000ecf00000,0x00000000ecf00000,0x00000000ed400000)
  to   space 5120K, 0% used [0x00000000eca00000,0x00000000eca00000,0x00000000ecf00000)
 ParOldGen       total 84992K, used 0K [0x00000000c0000000, 0x00000000c5300000, 0x00000000eab00000)
  object space 84992K, 0% used [0x00000000c0000000,0x00000000c0000000,0x00000000c5300000)
 Metaspace       used 5603K, capacity 6832K, committed 7040K, reserved 1056768K
  class space    used 561K, capacity 616K, committed 640K, reserved 1048576K
Event: 3.307 GC heap after
Heap after GC invocations=1 (full 0):
 PSYoungGen      total 36864K, used 5107K [0x00000000eab00000, 0x00000000ed400000, 0x0000000100000000)
  eden space 31744K, 0% used [0x00000000eab00000,0x00000000eab00000,0x00000000eca00000)
  from space 5120K, 99% used [0x00000000eca00000,0x00000000ecefcc90,0x00000000ecf00000)
  to   space 5120K, 0% used [0x00000000ecf00000,0x00000000ecf00000,0x00000000ed400000)
 ParOldGen       total 84992K, used 1700K [0x00000000c0000000, 0x00000000c5300000, 0x00000000eab00000)
  object space 84992K, 2% used [0x00000000c0000000,0x00000000c01a9188,0x00000000c5300000)
 Metaspace       used 5603K, capacity 6832K, committed 7040K, reserved 1056768K
  class space    used 561K, capacity 616K, committed 640K, reserved 1048576K
}
Event: 4.055 GC heap before
{Heap before GC invocations=2 (full 0):
 PSYoungGen      total 36864K, used 36851K [0x00000000eab00000, 0x00000000ed400000, 0x0000000100000000)
  eden space 31744K, 100% used [0x00000000eab00000,0x00000000eca00000,0x00000000eca00000)
  from space 5120K, 99% used [0x00000000eca00000,0x00000000ecefcc90,0x00000000ecf00000)
  to   space 5120K, 0% used [0x00000000ecf00000,0x00000000ecf00000,0x00000000ed400000)
 ParOldGen       total 84992K, used 1700K [0x00000000c0000000, 0x00000000c5300000, 0x00000000eab00000)
  object space 84992K, 2% used [0x00000000c0000000,0x00000000c01a9188,0x00000000c5300000)
 Metaspace       used 5635K, capacity 6832K, committed 7040K, reserved 1056768K
  class space    used 561K, capacity 616K, committed 640K, reserved 1048576K
Event: 4.110 GC heap after
Heap after GC invocations=2 (full 0):
 PSYoungGen      total 36864K, used 5117K [0x00000000eab00000, 0x00000000ef300000, 0x0000000100000000)
  eden space 31744K, 0% used [0x00000000eab00000,0x00000000eab00000,0x00000000eca00000)
  from space 5120K, 99% used [0x00000000ecf00000,0x00000000ed3ff420,0x00000000ed400000)
  to   space 5120K, 0% used [0x00000000eca00000,0x00000000eca00000,0x00000000ecf00000)
 ParOldGen       total 84992K, used 6291K [0x00000000c0000000, 0x00000000c5300000, 0x00000000eab00000)
  object space 84992K, 7% used [0x00000000c0000000,0x00000000c0624d28,0x00000000c5300000)
 Metaspace       used 5635K, capacity 6832K, committed 7040K, reserved 1056768K
  class space    used 561K, capacity 616K, committed 640K, reserved 1048576K
}
Event: 4.605 GC heap before
{Heap before GC invocations=3 (full 0):
 PSYoungGen      total 36864K, used 36861K [0x00000000eab00000, 0x00000000ef300000, 0x0000000100000000)
  eden space 31744K, 100% used [0x00000000eab00000,0x00000000eca00000,0x00000000eca00000)
  from space 5120K, 99% used [0x00000000ecf00000,0x00000000ed3ff420,0x00000000ed400000)
  to   space 5120K, 0% used [0x00000000eca00000,0x00000000eca00000,0x00000000ecf00000)
 ParOldGen       total 84992K, used 6291K [0x00000000c0000000, 0x00000000c5300000, 0x00000000eab00000)
  object space 84992K, 7% used [0x00000000c0000000,0x00000000c0624d28,0x00000000c5300000)
 Metaspace       used 5681K, capacity 6896K, committed 7040K, reserved 1056768K
  class space    used 561K, capacity 616K, committed 640K, reserved 1048576K
Event: 4.668 GC heap after
Heap after GC invocations=3 (full 0):
 PSYoungGen      total 36864K, used 5109K [0x00000000eab00000, 0x00000000ef300000, 0x0000000100000000)
  eden space 31744K, 0% used [0x00000000eab00000,0x00000000eab00000,0x00000000eca00000)
  from space 5120K, 99% used [0x00000000eca00000,0x00000000ecefd4a8,0x00000000ecf00000)
  to   space 5120K, 0% used [0x00000000eee00000,0x00000000eee00000,0x00000000ef300000)
 ParOldGen       total 84992K, used 10900K [0x00000000c0000000, 0x00000000c5300000, 0x00000000eab00000)
  object space 84992K, 12% used [0x00000000c0000000,0x00000000c0aa53c8,0x00000000c5300000)
 Metaspace       used 5681K, capacity 6896K, committed 7040K, reserved 1056768K
  class space    used 561K, capacity 616K, committed 640K, reserved 1048576K
}
Event: 5.269 GC heap before
{Heap before GC invocations=4 (full 0):
 PSYoungGen      total 36864K, used 36853K [0x00000000eab00000, 0x00000000ef300000, 0x0000000100000000)
  eden space 31744K, 100% used [0x00000000eab00000,0x00000000eca00000,0x00000000eca00000)
  from space 5120K, 99% used [0x00000000eca00000,0x00000000ecefd4a8,0x00000000ecf00000)
  to   space 5120K, 0% used [0x00000000eee00000,0x00000000eee00000,0x00000000ef300000)
 ParOldGen       total 84992K, used 10900K [0x00000000c0000000, 0x00000000c5300000, 0x00000000eab00000)
  object space 84992K, 12% used [0x00000000c0000000,0x00000000c0aa53c8,0x00000000c5300000)
 Metaspace       used 5736K, capacity 6960K, committed 7040K, reserved 1056768K
  class space    used 562K, capacity 616K, committed 640K, reserved 1048576K
Event: 5.455 GC heap after
Heap after GC invocations=4 (full 0):
 PSYoungGen      total 68608K, used 5092K [0x00000000eab00000, 0x00000000ef300000, 0x0000000100000000)
  eden space 63488K, 0% used [0x00000000eab00000,0x00000000eab00000,0x00000000ee900000)
  from space 5120K, 99% used [0x00000000eee00000,0x00000000ef2f92f0,0x00000000ef300000)
  to   space 5120K, 0% used [0x00000000ee900000,0x00000000ee900000,0x00000000eee00000)
 ParOldGen       total 84992K, used 15806K [0x00000000c0000000, 0x00000000c5300000, 0x00000000eab00000)
  object space 84992K, 18% used [0x00000000c0000000,0x00000000c0f6fa00,0x00000000c5300000)
 Metaspace       used 5736K, capacity 6960K, committed 7040K, reserved 1056768K
  class space    used 562K, capacity 616K, committed 640K, reserved 1048576K
}
Event: 6.654 GC heap before
{Heap before GC invocations=5 (full 0):
 PSYoungGen      total 68608K, used 68580K [0x00000000eab00000, 0x00000000ef300000, 0x0000000100000000)
  eden space 63488K, 100% used [0x00000000eab00000,0x00000000ee900000,0x00000000ee900000)
  from space 5120K, 99% used [0x00000000eee00000,0x00000000ef2f92f0,0x00000000ef300000)
  to   space 5120K, 0% used [0x00000000ee900000,0x00000000ee900000,0x00000000eee00000)
 ParOldGen       total 84992K, used 15806K [0x00000000c0000000, 0x00000000c5300000, 0x00000000eab00000)
  object space 84992K, 18% used [0x00000000c0000000,0x00000000c0f6fa00,0x00000000c5300000)
 Metaspace       used 5907K, capacity 7024K, committed 7296K, reserved 1056768K
  class space    used 580K, capacity 616K, committed 640K, reserved 1048576K

Deoptimization events (10 events):
Event: 3.154 Thread 0x00007f7dfc193800 Uncommon trap: reason=unstable_if action=reinterpret pc=0x00007f7ded24e8a8 method=com.android.dx.rop.code.LocalItem.hashCode()I @ 25
Event: 3.186 Thread 0x00007f7dfc190000 Uncommon trap: reason=unstable_if action=reinterpret pc=0x00007f7ded26109c method=com.android.dx.rop.code.RegisterSpec.equals(ILcom/android/dx/rop/type/TypeBearer;Lcom/android/dx/rop/code/LocalItem;)Z @ 42
Event: 3.391 Thread 0x00007f7dfc190000 Uncommon trap: reason=bimorphic action=maybe_recompile pc=0x00007f7ded204a20 method=java.util.HashMap.getNode(ILjava/lang/Object;)Ljava/util/HashMap$Node; @ 126
Event: 3.686 Thread 0x00007f7dfc190000 Uncommon trap: reason=bimorphic action=maybe_recompile pc=0x00007f7ded204a20 method=java.util.HashMap.getNode(ILjava/lang/Object;)Ljava/util/HashMap$Node; @ 126
Event: 3.686 Thread 0x00007f7dfc190000 Uncommon trap: reason=bimorphic action=maybe_recompile pc=0x00007f7ded204a20 method=java.util.HashMap.getNode(ILjava/lang/Object;)Ljava/util/HashMap$Node; @ 126
Event: 3.686 Thread 0x00007f7dfc190000 Uncommon trap: reason=bimorphic action=maybe_recompile pc=0x00007f7ded204a20 method=java.util.HashMap.getNode(ILjava/lang/Object;)Ljava/util/HashMap$Node; @ 126
Event: 3.687 Thread 0x00007f7dfc190000 Uncommon trap: reason=bimorphic action=maybe_recompile pc=0x00007f7ded2926cc method=java.util.HashMap.getNode(ILjava/lang/Object;)Ljava/util/HashMap$Node; @ 126
Event: 3.718 Thread 0x00007f7dfc00a000 Uncommon trap: reason=unstable_if action=reinterpret pc=0x00007f7ded2c6670 method=com.android.dx.rop.code.LocalItem.hashCode()I @ 25
Event: 6.444 Thread 0x00007f7dfc18e000 Uncommon trap: reason=unstable_if action=reinterpret pc=0x00007f7ded51d79c method=java.util.HashMap.putVal(ILjava/lang/Object;Ljava/lang/Object;ZZ)Ljava/lang/Object; @ 162
Event: 6.489 Thread 0x00007f7dfc18e000 Uncommon trap: reason=unstable_if action=reinterpret pc=0x00007f7ded472dcc method=java.util.HashMap.getNode(ILjava/lang/Object;)Ljava/util/HashMap$Node; @ 84

Internal exceptions (8 events):
Event: 0.231 Thread 0x00007f7dfc00a000 Exception <a 'java/lang/NoSuchMethodError': Method sun.misc.Unsafe.defineClass(Ljava/lang/String;[BII)Ljava/lang/Class; name or signature does not match> (0x00000000eab12ba8) thrown at [/build/openjdk-8-aAuh2m/openjdk-8-8u66-b17/src/hotspot/src/share/vm/p
Event: 0.231 Thread 0x00007f7dfc00a000 Exception <a 'java/lang/NoSuchMethodError': Method sun.misc.Unsafe.prefetchRead(Ljava/lang/Object;J)V name or signature does not match> (0x00000000eab12e90) thrown at [/build/openjdk-8-aAuh2m/openjdk-8-8u66-b17/src/hotspot/src/share/vm/prims/jni.cpp, line
Event: 0.561 Thread 0x00007f7dfc00a000 Exception <a 'java/util/zip/ZipException'> (0x00000000eab4ec98) thrown at [/build/openjdk-8-aAuh2m/openjdk-8-8u66-b17/src/hotspot/src/share/vm/prims/jni.cpp, line 709]
Event: 0.561 Thread 0x00007f7dfc00a000 Exception <a 'java/security/PrivilegedActionException'> (0x00000000eab4ef38) thrown at [/build/openjdk-8-aAuh2m/openjdk-8-8u66-b17/src/hotspot/src/share/vm/prims/jvm.cpp, line 1386]
Event: 0.561 Thread 0x00007f7dfc00a000 Exception <a 'java/security/PrivilegedActionException'> (0x00000000eab4f148) thrown at [/build/openjdk-8-aAuh2m/openjdk-8-8u66-b17/src/hotspot/src/share/vm/prims/jvm.cpp, line 1386]
Event: 6.469 Thread 0x00007f7dfc18e000 Exception <a 'java/lang/ArrayIndexOutOfBoundsException': 18> (0x00000000edf091e8) thrown at [/build/openjdk-8-aAuh2m/openjdk-8-8u66-b17/src/hotspot/src/share/vm/interpreter/interpreterRuntime.cpp, line 366]
Event: 6.469 Thread 0x00007f7dfc18e000 Exception <a 'java/lang/ArrayIndexOutOfBoundsException': 145> (0x00000000edf0ad68) thrown at [/build/openjdk-8-aAuh2m/openjdk-8-8u66-b17/src/hotspot/src/share/vm/interpreter/interpreterRuntime.cpp, line 366]
Event: 6.473 Thread 0x00007f7dfc18e000 Exception <a 'java/lang/ArrayIndexOutOfBoundsException': 40> (0x00000000edf0c050) thrown at [/build/openjdk-8-aAuh2m/openjdk-8-8u66-b17/src/hotspot/src/share/vm/interpreter/interpreterRuntime.cpp, line 366]

Events (10 events):
Event: 6.489 Thread 0x00007f7dfc18e000 Uncommon trap: trap_request=0xffffff65 fr.pc=0x00007f7ded472dcc
Event: 6.489 Thread 0x00007f7dfc18e000 DEOPT PACKING pc=0x00007f7ded472dcc sp=0x00007f7ddfaf9170
Event: 6.489 Thread 0x00007f7dfc18e000 DEOPT UNPACKING pc=0x00007f7ded004f69 sp=0x00007f7ddfaf8f18 mode 2
Event: 6.552 Thread 0x00007f7dfc193800 DEOPT PACKING pc=0x00007f7ded366cec sp=0x00007f7ddf8f7130
Event: 6.552 Thread 0x00007f7dfc193800 DEOPT UNPACKING pc=0x00007f7ded047373 sp=0x00007f7ddf8f6e30 mode 0
Event: 6.552 Thread 0x00007f7dfc193800 DEOPT PACKING pc=0x00007f7ded1f1fb9 sp=0x00007f7ddf8f70c0
Event: 6.552 Thread 0x00007f7dfc193800 DEOPT UNPACKING pc=0x00007f7ded047373 sp=0x00007f7ddf8f6e20 mode 0
Event: 6.585 Thread 0x00007f7dfc193800 DEOPT PACKING pc=0x00007f7ded39ab4c sp=0x00007f7ddf8f7210
Event: 6.585 Thread 0x00007f7dfc193800 DEOPT UNPACKING pc=0x00007f7ded047373 sp=0x00007f7ddf8f6fa0 mode 0
Event: 6.641 Executing VM operation: ParallelGCFailedAllocation


Dynamic libraries:
00400000-00401000 r-xp 00000000 08:02 1181924                            /usr/lib/jvm/java-8-openjdk-amd64/jre/bin/java
00600000-00601000 r--p 00000000 08:02 1181924                            /usr/lib/jvm/java-8-openjdk-amd64/jre/bin/java
00601000-00602000 rw-p 00001000 08:02 1181924                            /usr/lib/jvm/java-8-openjdk-amd64/jre/bin/java
00fe5000-01006000 rw-p 00000000 00:00 0                                  [heap]
c0000000-c5300000 rw-p 00000000 00:00 0 
c5300000-eab00000 ---p 00000000 00:00 0 
eab00000-ef300000 rw-p 00000000 00:00 0 
f4600000-100000000 ---p 00000000 00:00 0 
100000000-1000a0000 rw-p 00000000 00:00 0 
1000a0000-140000000 ---p 00000000 00:00 0 
7f7d98000000-7f7d9802e000 rw-p 00000000 00:00 0 
7f7d9802e000-7f7d9c000000 ---p 00000000 00:00 0 
7f7da0000000-7f7da0021000 rw-p 00000000 00:00 0 
7f7da0021000-7f7da4000000 ---p 00000000 00:00 0 
7f7da4000000-7f7da4021000 rw-p 00000000 00:00 0 
7f7da4021000-7f7da8000000 ---p 00000000 00:00 0 
7f7da8000000-7f7da803d000 rw-p 00000000 00:00 0 
7f7da803d000-7f7dac000000 ---p 00000000 00:00 0 
7f7dac000000-7f7dac021000 rw-p 00000000 00:00 0 
7f7dac021000-7f7db0000000 ---p 00000000 00:00 0 
7f7db0000000-7f7db0021000 rw-p 00000000 00:00 0 
7f7db0021000-7f7db4000000 ---p 00000000 00:00 0 
7f7db4000000-7f7db4021000 rw-p 00000000 00:00 0 
7f7db4021000-7f7db8000000 ---p 00000000 00:00 0 
7f7db8000000-7f7db8736000 rw-p 00000000 00:00 0 
7f7db8736000-7f7dbc000000 ---p 00000000 00:00 0 
7f7dbc000000-7f7dbc810000 rw-p 00000000 00:00 0 
7f7dbc810000-7f7dc0000000 ---p 00000000 00:00 0 
7f7dc0000000-7f7dc0021000 rw-p 00000000 00:00 0 
7f7dc0021000-7f7dc4000000 ---p 00000000 00:00 0 
7f7dc4000000-7f7dc46f9000 rw-p 00000000 00:00 0 
7f7dc46f9000-7f7dc8000000 ---p 00000000 00:00 0 
7f7dc8000000-7f7dc8021000 rw-p 00000000 00:00 0 
7f7dc8021000-7f7dcc000000 ---p 00000000 00:00 0 
7f7dcc000000-7f7dcc021000 rw-p 00000000 00:00 0 
7f7dcc021000-7f7dd0000000 ---p 00000000 00:00 0 
7f7dd0000000-7f7dd0021000 rw-p 00000000 00:00 0 
7f7dd0021000-7f7dd4000000 ---p 00000000 00:00 0 
7f7dd4000000-7f7dd4021000 rw-p 00000000 00:00 0 
7f7dd4021000-7f7dd8000000 ---p 00000000 00:00 0 
7f7dd8000000-7f7dd8021000 rw-p 00000000 00:00 0 
7f7dd8021000-7f7ddc000000 ---p 00000000 00:00 0 
7f7ddf7f8000-7f7ddf7fb000 ---p 00000000 00:00 0 
7f7ddf7fb000-7f7ddf8f9000 rw-p 00000000 00:00 0                          [stack:26778]
7f7ddf8f9000-7f7ddf8fc000 ---p 00000000 00:00 0 
7f7ddf8fc000-7f7ddf9fa000 rw-p 00000000 00:00 0                          [stack:26777]
7f7ddf9fa000-7f7ddf9fd000 ---p 00000000 00:00 0 
7f7ddf9fd000-7f7ddfafb000 rw-p 00000000 00:00 0                          [stack:26775]
7f7ddfafb000-7f7ddfafe000 ---p 00000000 00:00 0 
7f7ddfafe000-7f7ddfbfc000 rw-p 00000000 00:00 0                          [stack:26773]
7f7ddfbfc000-7f7ddfbff000 ---p 00000000 00:00 0 
7f7ddfbff000-7f7ddfcfd000 rw-p 00000000 00:00 0                          [stack:26771]
7f7ddfcfd000-7f7ddfcfe000 ---p 00000000 00:00 0 
7f7ddfcfe000-7f7ddfdfe000 rw-p 00000000 00:00 0                          [stack:26752]
7f7ddfdfe000-7f7ddfe01000 ---p 00000000 00:00 0 
7f7ddfe01000-7f7ddfeff000 rw-p 00000000 00:00 0                          [stack:26751]
7f7ddfeff000-7f7ddff02000 ---p 00000000 00:00 0 
7f7ddff02000-7f7de0000000 rw-p 00000000 00:00 0                          [stack:26750]
7f7de0000000-7f7de0021000 rw-p 00000000 00:00 0 
7f7de0021000-7f7de4000000 ---p 00000000 00:00 0 
7f7de400d000-7f7de4010000 ---p 00000000 00:00 0 
7f7de4010000-7f7de410e000 rw-p 00000000 00:00 0                          [stack:26749]
7f7de410e000-7f7de4111000 ---p 00000000 00:00 0 
7f7de4111000-7f7de420f000 rw-p 00000000 00:00 0                          [stack:26748]
7f7de420f000-7f7de4212000 ---p 00000000 00:00 0 
7f7de4212000-7f7de4310000 rw-p 00000000 00:00 0                          [stack:26747]
7f7de4310000-7f7de49f2000 r--p 00000000 08:02 1188060                    /usr/lib/locale/locale-archive
7f7de49f2000-7f7de49f5000 ---p 00000000 00:00 0 
7f7de49f5000-7f7de4af3000 rw-p 00000000 00:00 0                          [stack:26746]
7f7de4af3000-7f7de4af6000 ---p 00000000 00:00 0 
7f7de4af6000-7f7de4bf4000 rw-p 00000000 00:00 0                          [stack:26745]
7f7de4bf4000-7f7de4bf5000 ---p 00000000 00:00 0 
7f7de4bf5000-7f7de5e80000 rw-p 00000000 00:00 0                          [stack:26744]
7f7de5e80000-7f7de6000000 ---p 00000000 00:00 0 
7f7de6000000-7f7de8000000 rw-p 00000000 00:00 0 
7f7de8000000-7f7de8021000 rw-p 00000000 00:00 0 
7f7de8021000-7f7dec000000 ---p 00000000 00:00 0 
7f7dec018000-7f7dec021000 r--s 00089000 00:30 9832929                    /home/tysovsky/Documents/Cryptem/SkyPlayer/app/build/intermediates/exploded-aar/com.android.support/appcompat-v7/23.1.1/jars/classes.jar
7f7dec021000-7f7dec030000 r--s 000df000 00:30 8652054                    /home/tysovsky/Android/AndroidSDK/build-tools/23.0.1/lib/dx.jar
7f7dec030000-7f7dec04b000 r--s 001d4000 08:02 1181959                    /usr/lib/jvm/java-8-openjdk-amd64/jre/lib/ext/nashorn.jar
7f7dec04b000-7f7dec055000 r--s 00116000 08:02 1181952                    /usr/lib/jvm/java-8-openjdk-amd64/jre/lib/ext/localedata.jar
7f7dec055000-7f7dec071000 r--s 00393000 08:02 1181950                    /usr/lib/jvm/java-8-openjdk-amd64/jre/lib/ext/cldrdata.jar
7f7dec071000-7f7dec4d8000 rw-p 00000000 00:00 0 
7f7dec4d8000-7f7dec6a5000 r--s 03be8000 08:02 1181961                    /usr/lib/jvm/java-8-openjdk-amd64/jre/lib/rt.jar
7f7dec6a5000-7f7dec8a5000 rw-p 00000000 00:00 0 
7f7dec8a5000-7f7dec8a6000 ---p 00000000 00:00 0 
7f7dec8a6000-7f7dec9a6000 rw-p 00000000 00:00 0                          [stack:26743]
7f7dec9a6000-7f7dec9a7000 ---p 00000000 00:00 0 
7f7dec9a7000-7f7decaa7000 rw-p 00000000 00:00 0                          [stack:26742]
7f7decaa7000-7f7decaa8000 ---p 00000000 00:00 0 
7f7decaa8000-7f7decba8000 rw-p 00000000 00:00 0                          [stack:26741]
7f7decba8000-7f7decba9000 ---p 00000000 00:00 0 
7f7decba9000-7f7deccd3000 rw-p 00000000 00:00 0                          [stack:26740]
7f7deccd3000-7f7decdff000 ---p 00000000 00:00 0 
7f7decdff000-7f7dece29000 rw-p 00000000 00:00 0 
7f7dece29000-7f7decf54000 ---p 00000000 00:00 0 
7f7decf54000-7f7decf79000 rw-p 00000000 00:00 0 
7f7decf79000-7f7decfff000 ---p 00000000 00:00 0 
7f7decfff000-7f7ded000000 rw-p 00000000 00:00 0 
7f7ded000000-7f7ded550000 rwxp 00000000 00:00 0 
7f7ded550000-7f7dfc000000 ---p 00000000 00:00 0 
7f7dfc000000-7f7dfc1d1000 rw-p 00000000 00:00 0 
7f7dfc1d1000-7f7e00000000 ---p 00000000 00:00 0 
7f7e00003000-7f7e00005000 r--s 00007000 08:02 1596822                    /usr/share/java/java-atk-wrapper.jar
7f7e00005000-7f7e00009000 r--s 00037000 08:02 1181956                    /usr/lib/jvm/java-8-openjdk-amd64/jre/lib/ext/sunpkcs11.jar
7f7e00009000-7f7e0000f000 r--s 0003a000 08:02 1181955                    /usr/lib/jvm/java-8-openjdk-amd64/jre/lib/ext/sunjce_provider.jar
7f7e0000f000-7f7e000dd000 rw-p 00000000 00:00 0 
7f7e000dd000-7f7e00487000 ---p 00000000 00:00 0 
7f7e00487000-7f7e0048f000 r-xp 00000000 08:02 1181971                    /usr/lib/jvm/java-8-openjdk-amd64/jre/lib/amd64/libzip.so
7f7e0048f000-7f7e0068e000 ---p 00008000 08:02 1181971                    /usr/lib/jvm/java-8-openjdk-amd64/jre/lib/amd64/libzip.so
7f7e0068e000-7f7e0068f000 r--p 00007000 08:02 1181971                    /usr/lib/jvm/java-8-openjdk-amd64/jre/lib/amd64/libzip.so
7f7e0068f000-7f7e00690000 rw-p 00008000 08:02 1181971                    /usr/lib/jvm/java-8-openjdk-amd64/jre/lib/amd64/libzip.so
7f7e00690000-7f7e0069c000 r-xp 00000000 08:02 2757093                    /lib/x86_64-linux-gnu/libnss_files-2.21.so
7f7e0069c000-7f7e0089b000 ---p 0000c000 08:02 2757093                    /lib/x86_64-linux-gnu/libnss_files-2.21.so
7f7e0089b000-7f7e0089c000 r--p 0000b000 08:02 2757093                    /lib/x86_64-linux-gnu/libnss_files-2.21.so
7f7e0089c000-7f7e0089d000 rw-p 0000c000 08:02 2757093                    /lib/x86_64-linux-gnu/libnss_files-2.21.so
7f7e0089d000-7f7e008a8000 r-xp 00000000 08:02 2757104                    /lib/x86_64-linux-gnu/libnss_nis-2.21.so
7f7e008a8000-7f7e00aa7000 ---p 0000b000 08:02 2757104                    /lib/x86_64-linux-gnu/libnss_nis-2.21.so
7f7e00aa7000-7f7e00aa8000 r--p 0000a000 08:02 2757104                    /lib/x86_64-linux-gnu/libnss_nis-2.21.so
7f7e00aa8000-7f7e00aa9000 rw-p 0000b000 08:02 2757104                    /lib/x86_64-linux-gnu/libnss_nis-2.21.so
7f7e00aa9000-7f7e00ac0000 r-xp 00000000 08:02 2757087                    /lib/x86_64-linux-gnu/libnsl-2.21.so
7f7e00ac0000-7f7e00cbf000 ---p 00017000 08:02 2757087                    /lib/x86_64-linux-gnu/libnsl-2.21.so
7f7e00cbf000-7f7e00cc0000 r--p 00016000 08:02 2757087                    /lib/x86_64-linux-gnu/libnsl-2.21.so
7f7e00cc0000-7f7e00cc1000 rw-p 00017000 08:02 2757087                    /lib/x86_64-linux-gnu/libnsl-2.21.so
7f7e00cc1000-7f7e00cc3000 rw-p 00000000 00:00 0 
7f7e00cc3000-7f7e00ccb000 r-xp 00000000 08:02 2757089                    /lib/x86_64-linux-gnu/libnss_compat-2.21.so
7f7e00ccb000-7f7e00eca000 ---p 00008000 08:02 2757089                    /lib/x86_64-linux-gnu/libnss_compat-2.21.so
7f7e00eca000-7f7e00ecb000 r--p 00007000 08:02 2757089                    /lib/x86_64-linux-gnu/libnss_compat-2.21.so
7f7e00ecb000-7f7e00ecc000 rw-p 00008000 08:02 2757089                    /lib/x86_64-linux-gnu/libnss_compat-2.21.so
7f7e00ecc000-7f7e00ef9000 r-xp 00000000 08:02 1181980                    /usr/lib/jvm/java-8-openjdk-amd64/jre/lib/amd64/libjava.so
7f7e00ef9000-7f7e010f8000 ---p 0002d000 08:02 1181980                    /usr/lib/jvm/java-8-openjdk-amd64/jre/lib/amd64/libjava.so
7f7e010f8000-7f7e010f9000 r--p 0002c000 08:02 1181980                    /usr/lib/jvm/java-8-openjdk-amd64/jre/lib/amd64/libjava.so
7f7e010f9000-7f7e010fb000 rw-p 0002d000 08:02 1181980                    /usr/lib/jvm/java-8-openjdk-amd64/jre/lib/amd64/libjava.so
7f7e010fb000-7f7e0110a000 r-xp 00000000 08:02 1181993                    /usr/lib/jvm/java-8-openjdk-amd64/jre/lib/amd64/libverify.so
7f7e0110a000-7f7e01309000 ---p 0000f000 08:02 1181993                    /usr/lib/jvm/java-8-openjdk-amd64/jre/lib/amd64/libverify.so
7f7e01309000-7f7e0130b000 r--p 0000e000 08:02 1181993                    /usr/lib/jvm/java-8-openjdk-amd64/jre/lib/amd64/libverify.so
7f7e0130b000-7f7e0130c000 rw-p 00010000 08:02 1181993                    /usr/lib/jvm/java-8-openjdk-amd64/jre/lib/amd64/libverify.so
7f7e0130c000-7f7e01313000 r-xp 00000000 08:02 2757149                    /lib/x86_64-linux-gnu/librt-2.21.so
7f7e01313000-7f7e01512000 ---p 00007000 08:02 2757149                    /lib/x86_64-linux-gnu/librt-2.21.so
7f7e01512000-7f7e01513000 r--p 00006000 08:02 2757149                    /lib/x86_64-linux-gnu/librt-2.21.so
7f7e01513000-7f7e01514000 rw-p 00007000 08:02 2757149                    /lib/x86_64-linux-gnu/librt-2.21.so
7f7e01514000-7f7e0152a000 r-xp 00000000 08:02 2756948                    /lib/x86_64-linux-gnu/libgcc_s.so.1
7f7e0152a000-7f7e01729000 ---p 00016000 08:02 2756948                    /lib/x86_64-linux-gnu/libgcc_s.so.1
7f7e01729000-7f7e0172a000 r--p 00015000 08:02 2756948                    /lib/x86_64-linux-gnu/libgcc_s.so.1
7f7e0172a000-7f7e0172b000 rw-p 00016000 08:02 2756948                    /lib/x86_64-linux-gnu/libgcc_s.so.1
7f7e0172b000-7f7e01832000 r-xp 00000000 08:02 2757066                    /lib/x86_64-linux-gnu/libm-2.21.so
7f7e01832000-7f7e01a31000 ---p 00107000 08:02 2757066                    /lib/x86_64-linux-gnu/libm-2.21.so
7f7e01a31000-7f7e01a32000 r--p 00106000 08:02 2757066                    /lib/x86_64-linux-gnu/libm-2.21.so
7f7e01a32000-7f7e01a33000 rw-p 00107000 08:02 2757066                    /lib/x86_64-linux-gnu/libm-2.21.so
7f7e01a33000-7f7e01ba6000 r-xp 00000000 08:02 1184998                    /usr/lib/x86_64-linux-gnu/libstdc++.so.6.0.21
7f7e01ba6000-7f7e01da5000 ---p 00173000 08:02 1184998                    /usr/lib/x86_64-linux-gnu/libstdc++.so.6.0.21
7f7e01da5000-7f7e01daf000 r--p 00172000 08:02 1184998                    /usr/lib/x86_64-linux-gnu/libstdc++.so.6.0.21
7f7e01daf000-7f7e01db1000 rw-p 0017c000 08:02 1184998                    /usr/lib/x86_64-linux-gnu/libstdc++.so.6.0.21
7f7e01db1000-7f7e01db5000 rw-p 00000000 00:00 0 
7f7e01db5000-7f7e029fa000 r-xp 00000000 08:02 1181987                    /usr/lib/jvm/java-8-openjdk-amd64/jre/lib/amd64/server/libjvm.so
7f7e029fa000-7f7e02bf9000 ---p 00c45000 08:02 1181987                    /usr/lib/jvm/java-8-openjdk-amd64/jre/lib/amd64/server/libjvm.so
7f7e02bf9000-7f7e02c8c000 r--p 00c44000 08:02 1181987                    /usr/lib/jvm/java-8-openjdk-amd64/jre/lib/amd64/server/libjvm.so
7f7e02c8c000-7f7e02cb4000 rw-p 00cd7000 08:02 1181987                    /usr/lib/jvm/java-8-openjdk-amd64/jre/lib/amd64/server/libjvm.so
7f7e02cb4000-7f7e02ce3000 rw-p 00000000 00:00 0 
7f7e02ce3000-7f7e02cfb000 r-xp 00000000 08:02 2757141                    /lib/x86_64-linux-gnu/libpthread-2.21.so
7f7e02cfb000-7f7e02efb000 ---p 00018000 08:02 2757141                    /lib/x86_64-linux-gnu/libpthread-2.21.so
7f7e02efb000-7f7e02efc000 r--p 00018000 08:02 2757141                    /lib/x86_64-linux-gnu/libpthread-2.21.so
7f7e02efc000-7f7e02efd000 rw-p 00019000 08:02 2757141                    /lib/x86_64-linux-gnu/libpthread-2.21.so
7f7e02efd000-7f7e02f01000 rw-p 00000000 00:00 0 
7f7e02f01000-7f7e02f04000 r-xp 00000000 08:02 2757025                    /lib/x86_64-linux-gnu/libdl-2.21.so
7f7e02f04000-7f7e03103000 ---p 00003000 08:02 2757025                    /lib/x86_64-linux-gnu/libdl-2.21.so
7f7e03103000-7f7e03104000 r--p 00002000 08:02 2757025                    /lib/x86_64-linux-gnu/libdl-2.21.so
7f7e03104000-7f7e03105000 rw-p 00003000 08:02 2757025                    /lib/x86_64-linux-gnu/libdl-2.21.so
7f7e03105000-7f7e0311e000 r-xp 00000000 08:02 2752595                    /lib/x86_64-linux-gnu/libz.so.1.2.8
7f7e0311e000-7f7e0331d000 ---p 00019000 08:02 2752595                    /lib/x86_64-linux-gnu/libz.so.1.2.8
7f7e0331d000-7f7e0331e000 r--p 00018000 08:02 2752595                    /lib/x86_64-linux-gnu/libz.so.1.2.8
7f7e0331e000-7f7e0331f000 rw-p 00019000 08:02 2752595                    /lib/x86_64-linux-gnu/libz.so.1.2.8
7f7e0331f000-7f7e034df000 r-xp 00000000 08:02 2757010                    /lib/x86_64-linux-gnu/libc-2.21.so
7f7e034df000-7f7e036df000 ---p 001c0000 08:02 2757010                    /lib/x86_64-linux-gnu/libc-2.21.so
7f7e036df000-7f7e036e3000 r--p 001c0000 08:02 2757010                    /lib/x86_64-linux-gnu/libc-2.21.so
7f7e036e3000-7f7e036e5000 rw-p 001c4000 08:02 2757010                    /lib/x86_64-linux-gnu/libc-2.21.so
7f7e036e5000-7f7e036e9000 rw-p 00000000 00:00 0 
7f7e036e9000-7f7e036f6000 r-xp 00000000 08:02 1181994                    /usr/lib/jvm/java-8-openjdk-amd64/jre/lib/amd64/jli/libjli.so
7f7e036f6000-7f7e038f6000 ---p 0000d000 08:02 1181994                    /usr/lib/jvm/java-8-openjdk-amd64/jre/lib/amd64/jli/libjli.so
7f7e038f6000-7f7e038f7000 r--p 0000d000 08:02 1181994                    /usr/lib/jvm/java-8-openjdk-amd64/jre/lib/amd64/jli/libjli.so
7f7e038f7000-7f7e038f8000 rw-p 0000e000 08:02 1181994                    /usr/lib/jvm/java-8-openjdk-amd64/jre/lib/amd64/jli/libjli.so
7f7e038f8000-7f7e0391c000 r-xp 00000000 08:02 2756982                    /lib/x86_64-linux-gnu/ld-2.21.so
7f7e0391c000-7f7e0391d000 rw-p 00000000 00:00 0 
7f7e0391d000-7f7e0391e000 r--s 00010000 08:02 1181951                    /usr/lib/jvm/java-8-openjdk-amd64/jre/lib/ext/zipfs.jar
7f7e0391e000-7f7e0391f000 r--s 0000a000 08:02 1181954                    /usr/lib/jvm/java-8-openjdk-amd64/jre/lib/ext/jaccess.jar
7f7e0391f000-7f7e03921000 r--s 00001000 08:02 1181957                    /usr/lib/jvm/java-8-openjdk-amd64/jre/lib/ext/dnsns.jar
7f7e03921000-7f7e039f1000 rw-p 00000000 00:00 0 
7f7e039f1000-7f7e039f4000 ---p 00000000 00:00 0 
7f7e039f4000-7f7e03af7000 rw-p 00000000 00:00 0                          [stack:26737]
7f7e03af7000-7f7e03af8000 r--s 00008000 08:02 1181958                    /usr/lib/jvm/java-8-openjdk-amd64/jre/lib/ext/sunec.jar
7f7e03af8000-7f7e03afb000 r--s 0000f000 08:02 1181953                    /usr/lib/jvm/java-8-openjdk-amd64/jre/lib/ext/icedtea-sound.jar
7f7e03afb000-7f7e03b0f000 rw-p 00000000 00:00 0 
7f7e03b0f000-7f7e03b17000 rw-s 00000000 08:02 2509701                    /tmp/hsperfdata_tysovsky/26734
7f7e03b17000-7f7e03b18000 rw-p 00000000 00:00 0 
7f7e03b18000-7f7e03b19000 ---p 00000000 00:00 0 
7f7e03b19000-7f7e03b1b000 rw-p 00000000 00:00 0 
7f7e03b1b000-7f7e03b1c000 r--p 00023000 08:02 2756982                    /lib/x86_64-linux-gnu/ld-2.21.so
7f7e03b1c000-7f7e03b1d000 rw-p 00024000 08:02 2756982                    /lib/x86_64-linux-gnu/ld-2.21.so
7f7e03b1d000-7f7e03b1e000 rw-p 00000000 00:00 0 
7fffbf771000-7fffbf792000 rw-p 00000000 00:00 0                          [stack]
7fffbf79b000-7fffbf79d000 r--p 00000000 00:00 0                          [vvar]
7fffbf79d000-7fffbf79f000 r-xp 00000000 00:00 0                          [vdso]
ffffffffff600000-ffffffffff601000 r-xp 00000000 00:00 0                  [vsyscall]

VM Arguments:
jvm_args: -Xmx1024M -Dfile.encoding=UTF-8 -Duser.country=US -Duser.language=en -Duser.variant 
java_command: com.android.dx.command.Main --dex --num-threads=4 --output /home/tysovsky/Documents/Cryptem/SkyPlayer/app/build/intermediates/pre-dexed/debug/classes-b35ca33558df71557b1908ecaa350d7ee37f031e.jar /home/tysovsky/Documents/Cryptem/SkyPlayer/app/build/intermediates/exploded-aar/com.android.support/appcompat-v7/23.1.1/jars/classes.jar
java_class_path (initial): /home/tysovsky/Android/AndroidSDK/build-tools/23.0.1/lib/dx.jar
Launcher Type: SUN_STANDARD

Environment Variables:
PATH=/usr/local/sbin:/usr/local/bin:/usr/sbin:/usr/bin:/sbin:/bin:/usr/games:/usr/local/games
USERNAME=tysovsky
LD_LIBRARY_PATH=/home/tysovsky/Android/AndroidStudio/bin:
SHELL=/bin/bash
DISPLAY=:1

Signal Handlers:
SIGSEGV: [libjvm.so+0xa5d4d0], sa_mask[0]=11111111011111111101111111111110, sa_flags=SA_RESTART|SA_SIGINFO
SIGBUS: [libjvm.so+0xa5d4d0], sa_mask[0]=11111111011111111101111111111110, sa_flags=SA_RESTART|SA_SIGINFO
SIGFPE: [libjvm.so+0x8a9210], sa_mask[0]=11111111011111111101111111111110, sa_flags=SA_RESTART|SA_SIGINFO
SIGPIPE: [libjvm.so+0x8a9210], sa_mask[0]=11111111011111111101111111111110, sa_flags=SA_RESTART|SA_SIGINFO
SIGXFSZ: [libjvm.so+0x8a9210], sa_mask[0]=11111111011111111101111111111110, sa_flags=SA_RESTART|SA_SIGINFO
SIGILL: [libjvm.so+0x8a9210], sa_mask[0]=11111111011111111101111111111110, sa_flags=SA_RESTART|SA_SIGINFO
SIGUSR1: SIG_DFL, sa_mask[0]=00000000000000000000000000000000, sa_flags=none
SIGUSR2: [libjvm.so+0x8a90c0], sa_mask[0]=00100000000000000000000000000000, sa_flags=SA_RESTART|SA_SIGINFO
SIGHUP: [libjvm.so+0x8a9590], sa_mask[0]=11111111011111111101111111111110, sa_flags=SA_RESTART|SA_SIGINFO
SIGINT: [libjvm.so+0x8a9590], sa_mask[0]=11111111011111111101111111111110, sa_flags=SA_RESTART|SA_SIGINFO
SIGTERM: [libjvm.so+0x8a9590], sa_mask[0]=11111111011111111101111111111110, sa_flags=SA_RESTART|SA_SIGINFO
SIGQUIT: [libjvm.so+0x8a9590], sa_mask[0]=11111111011111111101111111111110, sa_flags=SA_RESTART|SA_SIGINFO


---------------  S Y S T E M  ---------------

OS:DISTRIB_ID=Ubuntu
DISTRIB_RELEASE=15.10
DISTRIB_CODENAME=wily
DISTRIB_DESCRIPTION="Ubuntu 15.10"

uname:Linux 4.2.0-18-generic #22-Ubuntu SMP Fri Nov 6 18:25:50 UTC 2015 x86_64
libc:glibc 2.21 NPTL 2.21 
rlimit: STACK 8192k, CORE 0k, NPROC 30078, NOFILE 65536, AS infinity
load average:24.69 14.46 7.09

/proc/meminfo:
MemTotal:        8078548 kB
MemFree:           46664 kB
MemAvailable:      85400 kB
Buffers:             448 kB
Cached:           523720 kB
SwapCached:         2188 kB
Active:          6556336 kB
Inactive:        1229000 kB
Active(anon):    6547592 kB
Inactive(anon):  1221256 kB
Active(file):       8744 kB
Inactive(file):     7744 kB
Unevictable:          16 kB
Mlocked:              16 kB
SwapTotal:       1952252 kB
SwapFree:              0 kB
Dirty:                 0 kB
Writeback:             0 kB
AnonPages:       7259944 kB
Mapped:           215984 kB
Shmem:            507048 kB
Slab:             120080 kB
SReclaimable:      58708 kB
SUnreclaim:        61372 kB
KernelStack:       12736 kB
PageTables:        57744 kB
NFS_Unstable:          0 kB
Bounce:                0 kB
WritebackTmp:          0 kB
CommitLimit:     5991524 kB
Committed_AS:   13003788 kB
VmallocTotal:   34359738367 kB
VmallocUsed:      382168 kB
VmallocChunk:   34358947836 kB
HardwareCorrupted:     0 kB
AnonHugePages:   1687552 kB
CmaTotal:              0 kB
CmaFree:               0 kB
HugePages_Total:       0
HugePages_Free:        0
HugePages_Rsvd:        0
HugePages_Surp:        0
Hugepagesize:       2048 kB
DirectMap4k:      191656 kB
DirectMap2M:     8099840 kB
DirectMap1G:     1048576 kB


CPU:total 4 (2 cores per cpu, 2 threads per core) family 6 model 61 stepping 4, cmov, cx8, fxsr, mmx, sse, sse2, sse3, ssse3, sse4.1, sse4.2, popcnt, avx, avx2, aes, clmul, erms, 3dnowpref, lzcnt, ht, tsc, tscinvbit, bmi1, bmi2, adx

/proc/cpuinfo:
processor	: 0
vendor_id	: GenuineIntel
cpu family	: 6
model		: 61
model name	: Intel(R) Core(TM) i5-5200U CPU @ 2.20GHz
stepping	: 4
microcode	: 0x1f
cpu MHz		: 2499.921
cache size	: 3072 KB
physical id	: 0
siblings	: 4
core id		: 0
cpu cores	: 2
apicid		: 0
initial apicid	: 0
fpu		: yes
fpu_exception	: yes
cpuid level	: 20
wp		: yes
flags		: fpu vme de pse tsc msr pae mce cx8 apic sep mtrr pge mca cmov pat pse36 clflush dts acpi mmx fxsr sse sse2 ss ht tm pbe syscall nx pdpe1gb rdtscp lm constant_tsc arch_perfmon pebs bts rep_good nopl xtopology nonstop_tsc aperfmperf eagerfpu pni pclmulqdq dtes64 monitor ds_cpl vmx est tm2 ssse3 fma cx16 xtpr pdcm pcid sse4_1 sse4_2 x2apic movbe popcnt tsc_deadline_timer aes xsave avx f16c rdrand lahf_lm abm 3dnowprefetch ida arat epb pln pts dtherm intel_pt tpr_shadow vnmi flexpriority ept vpid fsgsbase tsc_adjust bmi1 avx2 smep bmi2 erms invpcid rdseed adx smap xsaveopt
bugs		:
bogomips	: 4389.50
clflush size	: 64
cache_alignment	: 64
address sizes	: 39 bits physical, 48 bits virtual
power management:

processor	: 1
vendor_id	: GenuineIntel
cpu family	: 6
model		: 61
model name	: Intel(R) Core(TM) i5-5200U CPU @ 2.20GHz
stepping	: 4
microcode	: 0x1f
cpu MHz		: 2499.921
cache size	: 3072 KB
physical id	: 0
siblings	: 4
core id		: 1
cpu cores	: 2
apicid		: 2
initial apicid	: 2
fpu		: yes
fpu_exception	: yes
cpuid level	: 20
wp		: yes
flags		: fpu vme de pse tsc msr pae mce cx8 apic sep mtrr pge mca cmov pat pse36 clflush dts acpi mmx fxsr sse sse2 ss ht tm pbe syscall nx pdpe1gb rdtscp lm constant_tsc arch_perfmon pebs bts rep_good nopl xtopology nonstop_tsc aperfmperf eagerfpu pni pclmulqdq dtes64 monitor ds_cpl vmx est tm2 ssse3 fma cx16 xtpr pdcm pcid sse4_1 sse4_2 x2apic movbe popcnt tsc_deadline_timer aes xsave avx f16c rdrand lahf_lm abm 3dnowprefetch ida arat epb pln pts dtherm intel_pt tpr_shadow vnmi flexpriority ept vpid fsgsbase tsc_adjust bmi1 avx2 smep bmi2 erms invpcid rdseed adx smap xsaveopt
bugs		:
bogomips	: 4389.50
clflush size	: 64
cache_alignment	: 64
address sizes	: 39 bits physical, 48 bits virtual
power management:

processor	: 2
vendor_id	: GenuineIntel
cpu family	: 6
model		: 61
model name	: Intel(R) Core(TM) i5-5200U CPU @ 2.20GHz
stepping	: 4
microcode	: 0x1f
cpu MHz		: 2499.921
cache size	: 3072 KB
physical id	: 0
siblings	: 4
core id		: 0
cpu cores	: 2
apicid		: 1
initial apicid	: 1
fpu		: yes
fpu_exception	: yes
cpuid level	: 20
wp		: yes
flags		: fpu vme de pse tsc msr pae mce cx8 apic sep mtrr pge mca cmov pat pse36 clflush dts acpi mmx fxsr sse sse2 ss ht tm pbe syscall nx pdpe1gb rdtscp lm constant_tsc arch_perfmon pebs bts rep_good nopl xtopology nonstop_tsc aperfmperf eagerfpu pni pclmulqdq dtes64 monitor ds_cpl vmx est tm2 ssse3 fma cx16 xtpr pdcm pcid sse4_1 sse4_2 x2apic movbe popcnt tsc_deadline_timer aes xsave avx f16c rdrand lahf_lm abm 3dnowprefetch ida arat epb pln pts dtherm intel_pt tpr_shadow vnmi flexpriority ept vpid fsgsbase tsc_adjust bmi1 avx2 smep bmi2 erms invpcid rdseed adx smap xsaveopt
bugs		:
bogomips	: 4389.50
clflush size	: 64
cache_alignment	: 64
address sizes	: 39 bits physical, 48 bits virtual
power management:

processor	: 3
vendor_id	: GenuineIntel
cpu family	: 6
model		: 61
model name	: Intel(R) Core(TM) i5-5200U CPU @ 2.20GHz
stepping	: 4
microcode	: 0x1f
cpu MHz		: 2499.921
cache size	: 3072 KB
physical id	: 0
siblings	: 4
core id		: 1
cpu cores	: 2
apicid		: 3
initial apicid	: 3
fpu		: yes
fpu_exception	: yes
cpuid level	: 20
wp		: yes
flags		: fpu vme de pse tsc msr pae mce cx8 apic sep mtrr pge mca cmov pat pse36 clflush dts acpi mmx fxsr sse sse2 ss ht tm pbe syscall nx pdpe1gb rdtscp lm constant_tsc arch_perfmon pebs bts rep_good nopl xtopology nonstop_tsc aperfmperf eagerfpu pni pclmulqdq dtes64 monitor ds_cpl vmx est tm2 ssse3 fma cx16 xtpr pdcm pcid sse4_1 sse4_2 x2apic movbe popcnt tsc_deadline_timer aes xsave avx f16c rdrand lahf_lm abm 3dnowprefetch ida arat epb pln pts dtherm intel_pt tpr_shadow vnmi flexpriority ept vpid fsgsbase tsc_adjust bmi1 avx2 smep bmi2 erms invpcid rdseed adx smap xsaveopt
bugs		:
bogomips	: 4389.50
clflush size	: 64
cache_alignment	: 64
address sizes	: 39 bits physical, 48 bits virtual
power management:



Memory: 4k page, physical 8078548k(46152k free), swap 1952252k(0k free)

vm_info: OpenJDK 64-Bit Server VM (25.66-b17) for linux-amd64 JRE (1.8.0_66-internal-b17), built on Oct 21 2015 22:08:46 by "buildd" with gcc 5.2.1 20151010

time: Mon Jan 18 19:07:44 2016
elapsed time: 6 seconds (0d 0h 0m 6s)

