#
# There is insufficient memory for the Java Runtime Environment to continue.
# Native memory allocation (mmap) failed to map 175112192 bytes for committing reserved memory.
# Possible reasons:
#   The system is out of physical RAM or swap space
#   In 32 bit mode, the process size limit was hit
# Possible solutions:
#   Reduce memory load on the system
#   Increase physical memory or swap space
#   Check if swap backing store is full
#   Use 64 bit Java on a 64 bit OS
#   Decrease Java heap size (-Xmx/-Xms)
#   Decrease number of Java threads
#   Decrease Java thread stack sizes (-Xss)
#   Set larger code cache with -XX:ReservedCodeCacheSize=
# This output file may be truncated or incomplete.
#
#  Out of Memory Error (os_linux.cpp:2627), pid=26165, tid=140574844757760
#
# JRE version: OpenJDK Runtime Environment (8.0_66-b17) (build 1.8.0_66-internal-b17)
# Java VM: OpenJDK 64-Bit Server VM (25.66-b17 mixed mode linux-amd64 compressed oops)
# Failed to write core dump. Core dumps have been disabled. To enable core dumping, try "ulimit -c unlimited" before starting Java again
#

---------------  T H R E A D  ---------------

Current thread (0x00007fda38079000):  VMThread [stack: 0x00007fda219fa000,0x00007fda21afb000] [id=26174]

Stack: [0x00007fda219fa000,0x00007fda21afb000],  sp=0x00007fda21af94c0,  free space=1021k
Native frames: (J=compiled Java code, j=interpreted, Vv=VM code, C=native code)
V  [libjvm.so+0xa5c97b]
V  [libjvm.so+0x4c103c]
V  [libjvm.so+0x8adbd0]
V  [libjvm.so+0x8a806e]
V  [libjvm.so+0x921bfb]
V  [libjvm.so+0x922f43]
V  [libjvm.so+0x91f5f3]
V  [libjvm.so+0x91f8bc]
V  [libjvm.so+0x8d2413]
V  [libjvm.so+0xa5e632]
V  [libjvm.so+0xa636b7]
V  [libjvm.so+0xa60e87]
V  [libjvm.so+0xa6230f]
V  [libjvm.so+0xa62801]
V  [libjvm.so+0x8ab0d2]

VM_Operation (0x00007fda409861f0): ParallelGCFailedAllocation, mode: safepoint, requested by thread 0x00007fda3800b000


---------------  P R O C E S S  ---------------

Java Threads: ( => current thread )
  0x00007fda380c1800 JavaThread "Service Thread" daemon [_thread_blocked, id=26181, stack(0x00007fda20c11000,0x00007fda20d12000)]
  0x00007fda380b4000 JavaThread "C1 CompilerThread2" daemon [_thread_blocked, id=26180, stack(0x00007fda20d12000,0x00007fda20e13000)]
  0x00007fda380b2000 JavaThread "C2 CompilerThread1" daemon [_thread_in_native, id=26179, stack(0x00007fda20e13000,0x00007fda20f14000)]
  0x00007fda380af000 JavaThread "C2 CompilerThread0" daemon [_thread_blocked, id=26178, stack(0x00007fda20f14000,0x00007fda21015000)]
  0x00007fda380ad000 JavaThread "Signal Dispatcher" daemon [_thread_blocked, id=26177, stack(0x00007fda21015000,0x00007fda21116000)]
  0x00007fda38080000 JavaThread "Finalizer" daemon [_thread_blocked, id=26176, stack(0x00007fda217f8000,0x00007fda218f9000)]
  0x00007fda3807e000 JavaThread "Reference Handler" daemon [_thread_blocked, id=26175, stack(0x00007fda218f9000,0x00007fda219fa000)]
  0x00007fda3800b000 JavaThread "main" [_thread_blocked, id=26169, stack(0x00007fda40887000,0x00007fda40988000)]

Other Threads:
=>0x00007fda38079000 VMThread [stack: 0x00007fda219fa000,0x00007fda21afb000] [id=26174]
  0x00007fda380c4000 WatcherThread [stack: 0x00007fda20b10000,0x00007fda20c11000] [id=26182]

VM state:at safepoint (normal execution)

VM Mutex/Monitor currently owned by a thread:  ([mutex/lock_event])
[0x00007fda38007610] Threads_lock - owner thread: 0x00007fda38079000
[0x00007fda38007b10] Heap_lock - owner thread: 0x00007fda3800b000

Heap:
 PSYoungGen      total 132096K, used 5110K [0x00000000eab00000, 0x00000000f3100000, 0x0000000100000000)
  eden space 126976K, 0% used [0x00000000eab00000,0x00000000eab00000,0x00000000f2700000)
  from space 5120K, 99% used [0x00000000f2700000,0x00000000f2bfd958,0x00000000f2c00000)
  to   space 5120K, 0% used [0x00000000f2c00000,0x00000000f2c00000,0x00000000f3100000)
 ParOldGen       total 84992K, used 42792K [0x00000000c0000000, 0x00000000c5300000, 0x00000000eab00000)
  object space 84992K, 50% used [0x00000000c0000000,0x00000000c29ca358,0x00000000c5300000)
 Metaspace       used 7356K, capacity 7806K, committed 7936K, reserved 1056768K
  class space    used 720K, capacity 753K, committed 768K, reserved 1048576K

Card table byte_map: [0x00007fda3cd5c000,0x00007fda3cf5d000] byte_map_base: 0x00007fda3c75c000

Marking Bits: (ParMarkBitMap*) 0x00007fda3fb5e000
 Begin Bits: [0x00007fda22000000, 0x00007fda23000000)
 End Bits:   [0x00007fda23000000, 0x00007fda24000000)

Polling page: 0x00007fda409ae000

CodeCache: size=245760Kb used=6058Kb max_used=6073Kb free=239701Kb
 bounds [0x00007fda29000000, 0x00007fda29600000, 0x00007fda38000000]
 total_blobs=2247 nmethods=1949 adapters=213
 compilation: enabled

Compilation events (10 events):
Event: 4.092 Thread 0x00007fda380b4000 2087       3       com.android.dex.EncodedValueCodec::writeRightZeroExtendedValue (77 bytes)
Event: 4.092 Thread 0x00007fda380b4000 nmethod 2087 0x00007fda295d0fd0 code [0x00007fda295d1160, 0x00007fda295d15a8]
Event: 4.235 Thread 0x00007fda380af000 nmethod 2061 0x00007fda295ee3d0 code [0x00007fda295ee900, 0x00007fda295f1fc8]
Event: 4.235 Thread 0x00007fda380af000 2093       4       com.android.dx.io.instructions.InstructionCodec$11::decode (38 bytes)
Event: 4.238 Thread 0x00007fda380af000 nmethod 2093 0x00007fda295e3850 code [0x00007fda295e39c0, 0x00007fda295e3bd8]
Event: 4.238 Thread 0x00007fda380af000 2090       4       com.android.dx.io.instructions.InstructionCodec$11::encode (22 bytes)
Event: 4.240 Thread 0x00007fda380af000 nmethod 2090 0x00007fda295e31d0 code [0x00007fda295e3340, 0x00007fda295e3578]
Event: 4.240 Thread 0x00007fda380af000 2091       4       com.android.dex.Dex$Section::readClassData (66 bytes)
Event: 4.270 Thread 0x00007fda380af000 nmethod 2091 0x00007fda295e9d90 code [0x00007fda295e9f80, 0x00007fda295eafd0]
Event: 4.270 Thread 0x00007fda380af000 2088       4       com.android.dx.merge.IndexMap::adjust (20 bytes)

GC Heap History (9 events):
Event: 1.293 GC heap before
{Heap before GC invocations=1 (full 0):
 PSYoungGen      total 36864K, used 31744K [0x00000000eab00000, 0x00000000ed400000, 0x0000000100000000)
  eden space 31744K, 100% used [0x00000000eab00000,0x00000000eca00000,0x00000000eca00000)
  from space 5120K, 0% used [0x00000000ecf00000,0x00000000ecf00000,0x00000000ed400000)
  to   space 5120K, 0% used [0x00000000eca00000,0x00000000eca00000,0x00000000ecf00000)
 ParOldGen       total 84992K, used 0K [0x00000000c0000000, 0x00000000c5300000, 0x00000000eab00000)
  object space 84992K, 0% used [0x00000000c0000000,0x00000000c0000000,0x00000000c5300000)
 Metaspace       used 5388K, capacity 6768K, committed 7040K, reserved 1056768K
  class space    used 540K, capacity 616K, committed 640K, reserved 1048576K
Event: 1.354 GC heap after
Heap after GC invocations=1 (full 0):
 PSYoungGen      total 36864K, used 5098K [0x00000000eab00000, 0x00000000ef300000, 0x0000000100000000)
  eden space 31744K, 0% used [0x00000000eab00000,0x00000000eab00000,0x00000000eca00000)
  from space 5120K, 99% used [0x00000000eca00000,0x00000000ecefa9f8,0x00000000ecf00000)
  to   space 5120K, 0% used [0x00000000eee00000,0x00000000eee00000,0x00000000ef300000)
 ParOldGen       total 84992K, used 3123K [0x00000000c0000000, 0x00000000c5300000, 0x00000000eab00000)
  object space 84992K, 3% used [0x00000000c0000000,0x00000000c030cdc0,0x00000000c5300000)
 Metaspace       used 5388K, capacity 6768K, committed 7040K, reserved 1056768K
  class space    used 540K, capacity 616K, committed 640K, reserved 1048576K
}
Event: 2.301 GC heap before
{Heap before GC invocations=2 (full 0):
 PSYoungGen      total 36864K, used 36567K [0x00000000eab00000, 0x00000000ef300000, 0x0000000100000000)
  eden space 31744K, 99% used [0x00000000eab00000,0x00000000ec9bb550,0x00000000eca00000)
  from space 5120K, 99% used [0x00000000eca00000,0x00000000ecefa9f8,0x00000000ecf00000)
  to   space 5120K, 0% used [0x00000000eee00000,0x00000000eee00000,0x00000000ef300000)
 ParOldGen       total 84992K, used 3123K [0x00000000c0000000, 0x00000000c5300000, 0x00000000eab00000)
  object space 84992K, 3% used [0x00000000c0000000,0x00000000c030cdc0,0x00000000c5300000)
 Metaspace       used 7149K, capacity 7704K, committed 7936K, reserved 1056768K
  class space    used 710K, capacity 720K, committed 768K, reserved 1048576K
Event: 2.376 GC heap after
Heap after GC invocations=2 (full 0):
 PSYoungGen      total 68608K, used 5108K [0x00000000eab00000, 0x00000000ef300000, 0x0000000100000000)
  eden space 63488K, 0% used [0x00000000eab00000,0x00000000eab00000,0x00000000ee900000)
  from space 5120K, 99% used [0x00000000eee00000,0x00000000ef2fd260,0x00000000ef300000)
  to   space 5120K, 0% used [0x00000000ee900000,0x00000000ee900000,0x00000000eee00000)
 ParOldGen       total 84992K, used 9068K [0x00000000c0000000, 0x00000000c5300000, 0x00000000eab00000)
  object space 84992K, 10% used [0x00000000c0000000,0x00000000c08db278,0x00000000c5300000)
 Metaspace       used 7149K, capacity 7704K, committed 7936K, reserved 1056768K
  class space    used 710K, capacity 720K, committed 768K, reserved 1048576K
}
Event: 3.135 GC heap before
{Heap before GC invocations=3 (full 0):
 PSYoungGen      total 68608K, used 68596K [0x00000000eab00000, 0x00000000ef300000, 0x0000000100000000)
  eden space 63488K, 100% used [0x00000000eab00000,0x00000000ee900000,0x00000000ee900000)
  from space 5120K, 99% used [0x00000000eee00000,0x00000000ef2fd260,0x00000000ef300000)
  to   space 5120K, 0% used [0x00000000ee900000,0x00000000ee900000,0x00000000eee00000)
 ParOldGen       total 84992K, used 9068K [0x00000000c0000000, 0x00000000c5300000, 0x00000000eab00000)
  object space 84992K, 10% used [0x00000000c0000000,0x00000000c08db278,0x00000000c5300000)
 Metaspace       used 7247K, capacity 7768K, committed 7936K, reserved 1056768K
  class space    used 711K, capacity 720K, committed 768K, reserved 1048576K
Event: 3.174 GC heap after
Heap after GC invocations=3 (full 0):
 PSYoungGen      total 68608K, used 4980K [0x00000000eab00000, 0x00000000f3100000, 0x0000000100000000)
  eden space 63488K, 0% used [0x00000000eab00000,0x00000000eab00000,0x00000000ee900000)
  from space 5120K, 97% used [0x00000000ee900000,0x00000000eeddd328,0x00000000eee00000)
  to   space 5120K, 0% used [0x00000000f2c00000,0x00000000f2c00000,0x00000000f3100000)
 ParOldGen       total 84992K, used 11905K [0x00000000c0000000, 0x00000000c5300000, 0x00000000eab00000)
  object space 84992K, 14% used [0x00000000c0000000,0x00000000c0ba04f0,0x00000000c5300000)
 Metaspace       used 7247K, capacity 7768K, committed 7936K, reserved 1056768K
  class space    used 711K, capacity 720K, committed 768K, reserved 1048576K
}
Event: 3.496 GC heap before
{Heap before GC invocations=4 (full 0):
 PSYoungGen      total 68608K, used 68468K [0x00000000eab00000, 0x00000000f3100000, 0x0000000100000000)
  eden space 63488K, 100% used [0x00000000eab00000,0x00000000ee900000,0x00000000ee900000)
  from space 5120K, 97% used [0x00000000ee900000,0x00000000eeddd328,0x00000000eee00000)
  to   space 5120K, 0% used [0x00000000f2c00000,0x00000000f2c00000,0x00000000f3100000)
 ParOldGen       total 84992K, used 11905K [0x00000000c0000000, 0x00000000c5300000, 0x00000000eab00000)
  object space 84992K, 14% used [0x00000000c0000000,0x00000000c0ba04f0,0x00000000c5300000)
 Metaspace       used 7342K, capacity 7806K, committed 7936K, reserved 1056768K
  class space    used 720K, capacity 753K, committed 768K, reserved 1048576K
Event: 3.522 GC heap after
Heap after GC invocations=4 (full 0):
 PSYoungGen      total 132096K, used 5095K [0x00000000eab00000, 0x00000000f3100000, 0x0000000100000000)
  eden space 126976K, 0% used [0x00000000eab00000,0x00000000eab00000,0x00000000f2700000)
  from space 5120K, 99% used [0x00000000f2c00000,0x00000000f30f9ef8,0x00000000f3100000)
  to   space 5120K, 0% used [0x00000000f2700000,0x00000000f2700000,0x00000000f2c00000)
 ParOldGen       total 84992K, used 20633K [0x00000000c0000000, 0x00000000c5300000, 0x00000000eab00000)
  object space 84992K, 24% used [0x00000000c0000000,0x00000000c1426580,0x00000000c5300000)
 Metaspace       used 7342K, capacity 7806K, committed 7936K, reserved 1056768K
  class space    used 720K, capacity 753K, committed 768K, reserved 1048576K
}
Event: 4.273 GC heap before
{Heap before GC invocations=5 (full 0):
 PSYoungGen      total 132096K, used 132071K [0x00000000eab00000, 0x00000000f3100000, 0x0000000100000000)
  eden space 126976K, 100% used [0x00000000eab00000,0x00000000f2700000,0x00000000f2700000)
  from space 5120K, 99% used [0x00000000f2c00000,0x00000000f30f9ef8,0x00000000f3100000)
  to   space 5120K, 0% used [0x00000000f2700000,0x00000000f2700000,0x00000000f2c00000)
 ParOldGen       total 84992K, used 20633K [0x00000000c0000000, 0x00000000c5300000, 0x00000000eab00000)
  object space 84992K, 24% used [0x00000000c0000000,0x00000000c1426580,0x00000000c5300000)
 Metaspace       used 7356K, capacity 7806K, committed 7936K, reserved 1056768K
  class space    used 720K, capacity 753K, committed 768K, reserved 1048576K

Deoptimization events (10 events):
Event: 1.874 Thread 0x00007fda3800b000 Uncommon trap: reason=class_check action=maybe_recompile pc=0x00007fda292f4904 method=java.util.HashMap.putVal(ILjava/lang/Object;Ljava/lang/Object;ZZ)Ljava/lang/Object; @ 152
Event: 1.874 Thread 0x00007fda3800b000 Uncommon trap: reason=class_check action=maybe_recompile pc=0x00007fda292f4904 method=java.util.HashMap.putVal(ILjava/lang/Object;Ljava/lang/Object;ZZ)Ljava/lang/Object; @ 152
Event: 2.030 Thread 0x00007fda3800b000 Uncommon trap: reason=unstable_if action=reinterpret pc=0x00007fda293e4aa4 method=java.util.HashMap.putVal(ILjava/lang/Object;Ljava/lang/Object;ZZ)Ljava/lang/Object; @ 162
Event: 2.072 Thread 0x00007fda3800b000 Uncommon trap: reason=unstable_if action=reinterpret pc=0x00007fda2930ece4 method=java.util.HashMap.getNode(ILjava/lang/Object;)Ljava/util/HashMap$Node; @ 84
Event: 2.116 Thread 0x00007fda3800b000 Uncommon trap: reason=unstable_if action=reinterpret pc=0x00007fda2930bc80 method=java.util.HashMap.getNode(ILjava/lang/Object;)Ljava/util/HashMap$Node; @ 84
Event: 2.222 Thread 0x00007fda3800b000 Uncommon trap: reason=predicate action=maybe_recompile pc=0x00007fda2944e658 method=com.android.dex.Leb128.readUnsignedLeb128(Lcom/android/dex/util/ByteInput;)I @ 41
Event: 2.267 Thread 0x00007fda3800b000 Uncommon trap: reason=unstable_if action=reinterpret pc=0x00007fda2947f2e0 method=com.android.dex.FieldId.compareTo(Lcom/android/dex/FieldId;)I @ 8
Event: 2.399 Thread 0x00007fda3800b000 Uncommon trap: reason=unstable_if action=reinterpret pc=0x00007fda294835d4 method=com.android.dex.FieldId.compareTo(Lcom/android/dex/FieldId;)I @ 8
Event: 3.311 Thread 0x00007fda3800b000 Uncommon trap: reason=unstable_if action=reinterpret pc=0x00007fda29595680 method=java.util.HashMap.resize()[Ljava/util/HashMap$Node; @ 206
Event: 3.313 Thread 0x00007fda3800b000 Uncommon trap: reason=unstable_if action=reinterpret pc=0x00007fda29540e04 method=java.util.HashMap.resize()[Ljava/util/HashMap$Node; @ 206

Internal exceptions (6 events):
Event: 0.076 Thread 0x00007fda3800b000 Exception <a 'java/lang/NoSuchMethodError': Method sun.misc.Unsafe.defineClass(Ljava/lang/String;[BII)Ljava/lang/Class; name or signature does not match> (0x00000000eab12ba8) thrown at [/build/openjdk-8-aAuh2m/openjdk-8-8u66-b17/src/hotspot/src/share/vm/p
Event: 0.076 Thread 0x00007fda3800b000 Exception <a 'java/lang/NoSuchMethodError': Method sun.misc.Unsafe.prefetchRead(Ljava/lang/Object;J)V name or signature does not match> (0x00000000eab12e90) thrown at [/build/openjdk-8-aAuh2m/openjdk-8-8u66-b17/src/hotspot/src/share/vm/prims/jni.cpp, line
Event: 0.133 Thread 0x00007fda3800b000 Exception <a 'java/util/zip/ZipException'> (0x00000000eab50218) thrown at [/build/openjdk-8-aAuh2m/openjdk-8-8u66-b17/src/hotspot/src/share/vm/prims/jni.cpp, line 709]
Event: 0.133 Thread 0x00007fda3800b000 Exception <a 'java/security/PrivilegedActionException'> (0x00000000eab504b8) thrown at [/build/openjdk-8-aAuh2m/openjdk-8-8u66-b17/src/hotspot/src/share/vm/prims/jvm.cpp, line 1386]
Event: 0.133 Thread 0x00007fda3800b000 Exception <a 'java/security/PrivilegedActionException'> (0x00000000eab506c8) thrown at [/build/openjdk-8-aAuh2m/openjdk-8-8u66-b17/src/hotspot/src/share/vm/prims/jvm.cpp, line 1386]
Event: 1.388 Thread 0x00007fda381a9000 Implicit null exception at 0x00007fda29231fa2 to 0x00007fda292320ad

Events (10 events):
Event: 3.522 Executing VM operation: ParallelGCFailedAllocation done
Event: 3.646 Thread 0x00007fda3800b000 DEOPT PACKING pc=0x00007fda2959f550 sp=0x00007fda409863e0
Event: 3.646 Thread 0x00007fda3800b000 DEOPT UNPACKING pc=0x00007fda29047373 sp=0x00007fda409860f0 mode 0
Event: 3.816 Thread 0x00007fda3800b000 DEOPT PACKING pc=0x00007fda2959f550 sp=0x00007fda409864d0
Event: 3.816 Thread 0x00007fda3800b000 DEOPT UNPACKING pc=0x00007fda29047373 sp=0x00007fda409861e0 mode 0
Event: 3.829 Thread 0x00007fda3800b000 DEOPT PACKING pc=0x00007fda2959f550 sp=0x00007fda40986390
Event: 3.829 Thread 0x00007fda3800b000 DEOPT UNPACKING pc=0x00007fda29047373 sp=0x00007fda409860a0 mode 0
Event: 4.126 Executing VM operation: EnableBiasedLocking
Event: 4.126 Executing VM operation: EnableBiasedLocking done
Event: 4.273 Executing VM operation: ParallelGCFailedAllocation


Dynamic libraries:
00400000-00401000 r-xp 00000000 08:02 1181924                            /usr/lib/jvm/java-8-openjdk-amd64/jre/bin/java
00600000-00601000 r--p 00000000 08:02 1181924                            /usr/lib/jvm/java-8-openjdk-amd64/jre/bin/java
00601000-00602000 rw-p 00001000 08:02 1181924                            /usr/lib/jvm/java-8-openjdk-amd64/jre/bin/java
02449000-0246a000 rw-p 00000000 00:00 0                                  [heap]
c0000000-c5300000 rw-p 00000000 00:00 0 
c5300000-eab00000 ---p 00000000 00:00 0 
eab00000-f3100000 rw-p 00000000 00:00 0 
fd800000-100000000 ---p 00000000 00:00 0 
100000000-1000c0000 rw-p 00000000 00:00 0 
1000c0000-140000000 ---p 00000000 00:00 0 
7fd9d4000000-7fd9d4021000 rw-p 00000000 00:00 0 
7fd9d4021000-7fd9d8000000 ---p 00000000 00:00 0 
7fd9dc000000-7fd9dc021000 rw-p 00000000 00:00 0 
7fd9dc021000-7fd9e0000000 ---p 00000000 00:00 0 
7fd9e0000000-7fd9e0021000 rw-p 00000000 00:00 0 
7fd9e0021000-7fd9e4000000 ---p 00000000 00:00 0 
7fd9e4000000-7fd9e4060000 rw-p 00000000 00:00 0 
7fd9e4060000-7fd9e8000000 ---p 00000000 00:00 0 
7fd9e8000000-7fd9e8021000 rw-p 00000000 00:00 0 
7fd9e8021000-7fd9ec000000 ---p 00000000 00:00 0 
7fd9ec000000-7fd9ec021000 rw-p 00000000 00:00 0 
7fd9ec021000-7fd9f0000000 ---p 00000000 00:00 0 
7fd9f0000000-7fd9f0021000 rw-p 00000000 00:00 0 
7fd9f0021000-7fd9f4000000 ---p 00000000 00:00 0 
7fd9f4000000-7fd9f4683000 rw-p 00000000 00:00 0 
7fd9f4683000-7fd9f8000000 ---p 00000000 00:00 0 
7fd9f8000000-7fd9f84cd000 rw-p 00000000 00:00 0 
7fd9f84cd000-7fd9fc000000 ---p 00000000 00:00 0 
7fd9fc000000-7fd9fc021000 rw-p 00000000 00:00 0 
7fd9fc021000-7fda00000000 ---p 00000000 00:00 0 
7fda00000000-7fda006fb000 rw-p 00000000 00:00 0 
7fda006fb000-7fda04000000 ---p 00000000 00:00 0 
7fda04000000-7fda04021000 rw-p 00000000 00:00 0 
7fda04021000-7fda08000000 ---p 00000000 00:00 0 
7fda08000000-7fda08021000 rw-p 00000000 00:00 0 
7fda08021000-7fda0c000000 ---p 00000000 00:00 0 
7fda0c000000-7fda0c021000 rw-p 00000000 00:00 0 
7fda0c021000-7fda10000000 ---p 00000000 00:00 0 
7fda10000000-7fda10021000 rw-p 00000000 00:00 0 
7fda10021000-7fda14000000 ---p 00000000 00:00 0 
7fda14000000-7fda14021000 rw-p 00000000 00:00 0 
7fda14021000-7fda18000000 ---p 00000000 00:00 0 
7fda1c000000-7fda1c021000 rw-p 00000000 00:00 0 
7fda1c021000-7fda20000000 ---p 00000000 00:00 0 
7fda2060b000-7fda2060e000 ---p 00000000 00:00 0 
7fda2060e000-7fda2070c000 rw-p 00000000 00:00 0 
7fda2070c000-7fda2070f000 ---p 00000000 00:00 0 
7fda2070f000-7fda2080d000 rw-p 00000000 00:00 0 
7fda2080d000-7fda20810000 ---p 00000000 00:00 0 
7fda20810000-7fda2090e000 rw-p 00000000 00:00 0 
7fda2090e000-7fda20911000 ---p 00000000 00:00 0 
7fda20911000-7fda20a0f000 rw-p 00000000 00:00 0 
7fda20a0f000-7fda20a12000 ---p 00000000 00:00 0 
7fda20a12000-7fda20b10000 rw-p 00000000 00:00 0 
7fda20b10000-7fda20b11000 ---p 00000000 00:00 0 
7fda20b11000-7fda20c11000 rw-p 00000000 00:00 0                          [stack:26182]
7fda20c11000-7fda20c14000 ---p 00000000 00:00 0 
7fda20c14000-7fda20d12000 rw-p 00000000 00:00 0                          [stack:26181]
7fda20d12000-7fda20d15000 ---p 00000000 00:00 0 
7fda20d15000-7fda20e13000 rw-p 00000000 00:00 0                          [stack:26180]
7fda20e13000-7fda20e16000 ---p 00000000 00:00 0 
7fda20e16000-7fda20f14000 rw-p 00000000 00:00 0                          [stack:26179]
7fda20f14000-7fda20f17000 ---p 00000000 00:00 0 
7fda20f17000-7fda21015000 rw-p 00000000 00:00 0                          [stack:26178]
7fda21015000-7fda21018000 ---p 00000000 00:00 0 
7fda21018000-7fda21116000 rw-p 00000000 00:00 0                          [stack:26177]
7fda21116000-7fda217f8000 r--p 00000000 08:02 1188060                    /usr/lib/locale/locale-archive
7fda217f8000-7fda217fb000 ---p 00000000 00:00 0 
7fda217fb000-7fda218f9000 rw-p 00000000 00:00 0                          [stack:26176]
7fda218f9000-7fda218fc000 ---p 00000000 00:00 0 
7fda218fc000-7fda219fa000 rw-p 00000000 00:00 0                          [stack:26175]
7fda219fa000-7fda219fb000 ---p 00000000 00:00 0 
7fda219fb000-7fda24000000 rw-p 00000000 00:00 0                          [stack:26174]
7fda24000000-7fda24021000 rw-p 00000000 00:00 0 
7fda24021000-7fda28000000 ---p 00000000 00:00 0 
7fda280ae000-7fda280b3000 r--s 00096000 08:02 1182009                    /usr/lib/jvm/java-8-openjdk-amd64/jre/lib/jsse.jar
7fda280b3000-7fda280c2000 r--s 000df000 00:30 8652054                    /home/tysovsky/Android/AndroidSDK/build-tools/23.0.1/lib/dx.jar
7fda280c2000-7fda280dd000 r--s 001d4000 08:02 1181959                    /usr/lib/jvm/java-8-openjdk-amd64/jre/lib/ext/nashorn.jar
7fda280dd000-7fda280f9000 r--s 00393000 08:02 1181950                    /usr/lib/jvm/java-8-openjdk-amd64/jre/lib/ext/cldrdata.jar
7fda280f9000-7fda28f00000 rw-p 00000000 00:00 0 
7fda28f00000-7fda29000000 ---p 00000000 00:00 0 
7fda29000000-7fda29600000 rwxp 00000000 00:00 0 
7fda29600000-7fda38000000 ---p 00000000 00:00 0 
7fda38000000-7fda3822d000 rw-p 00000000 00:00 0 
7fda3822d000-7fda3c000000 ---p 00000000 00:00 0 
7fda3c001000-7fda3c003000 r--s 00007000 08:02 1596822                    /usr/share/java/java-atk-wrapper.jar
7fda3c003000-7fda3c00d000 r--s 00116000 08:02 1181952                    /usr/lib/jvm/java-8-openjdk-amd64/jre/lib/ext/localedata.jar
7fda3c00d000-7fda3c011000 r--s 00037000 08:02 1181956                    /usr/lib/jvm/java-8-openjdk-amd64/jre/lib/ext/sunpkcs11.jar
7fda3c011000-7fda3c017000 r--s 0003a000 08:02 1181955                    /usr/lib/jvm/java-8-openjdk-amd64/jre/lib/ext/sunjce_provider.jar
7fda3c017000-7fda3c3bf000 rw-p 00000000 00:00 0 
7fda3c3bf000-7fda3c58c000 r--s 03be8000 08:02 1181961                    /usr/lib/jvm/java-8-openjdk-amd64/jre/lib/rt.jar
7fda3c58c000-7fda3c802000 rw-p 00000000 00:00 0 
7fda3c802000-7fda3c803000 ---p 00000000 00:00 0 
7fda3c803000-7fda3c903000 rw-p 00000000 00:00 0                          [stack:26173]
7fda3c903000-7fda3c904000 ---p 00000000 00:00 0 
7fda3c904000-7fda3ca04000 rw-p 00000000 00:00 0                          [stack:26172]
7fda3ca04000-7fda3ca05000 ---p 00000000 00:00 0 
7fda3ca05000-7fda3cb05000 rw-p 00000000 00:00 0                          [stack:26171]
7fda3cb05000-7fda3cb06000 ---p 00000000 00:00 0 
7fda3cb06000-7fda3cc30000 rw-p 00000000 00:00 0                          [stack:26170]
7fda3cc30000-7fda3cd5c000 ---p 00000000 00:00 0 
7fda3cd5c000-7fda3cd86000 rw-p 00000000 00:00 0 
7fda3cd86000-7fda3ceb1000 ---p 00000000 00:00 0 
7fda3ceb1000-7fda3cef5000 rw-p 00000000 00:00 0 
7fda3cef5000-7fda3cf5c000 ---p 00000000 00:00 0 
7fda3cf5c000-7fda3cf75000 rw-p 00000000 00:00 0 
7fda3cf75000-7fda3d31d000 ---p 00000000 00:00 0 
7fda3d31d000-7fda3d325000 r-xp 00000000 08:02 1181971                    /usr/lib/jvm/java-8-openjdk-amd64/jre/lib/amd64/libzip.so
7fda3d325000-7fda3d524000 ---p 00008000 08:02 1181971                    /usr/lib/jvm/java-8-openjdk-amd64/jre/lib/amd64/libzip.so
7fda3d524000-7fda3d525000 r--p 00007000 08:02 1181971                    /usr/lib/jvm/java-8-openjdk-amd64/jre/lib/amd64/libzip.so
7fda3d525000-7fda3d526000 rw-p 00008000 08:02 1181971                    /usr/lib/jvm/java-8-openjdk-amd64/jre/lib/amd64/libzip.so
7fda3d526000-7fda3d532000 r-xp 00000000 08:02 2757093                    /lib/x86_64-linux-gnu/libnss_files-2.21.so
7fda3d532000-7fda3d731000 ---p 0000c000 08:02 2757093                    /lib/x86_64-linux-gnu/libnss_files-2.21.so
7fda3d731000-7fda3d732000 r--p 0000b000 08:02 2757093                    /lib/x86_64-linux-gnu/libnss_files-2.21.so
7fda3d732000-7fda3d733000 rw-p 0000c000 08:02 2757093                    /lib/x86_64-linux-gnu/libnss_files-2.21.so
7fda3d733000-7fda3d73e000 r-xp 00000000 08:02 2757104                    /lib/x86_64-linux-gnu/libnss_nis-2.21.so
7fda3d73e000-7fda3d93d000 ---p 0000b000 08:02 2757104                    /lib/x86_64-linux-gnu/libnss_nis-2.21.so
7fda3d93d000-7fda3d93e000 r--p 0000a000 08:02 2757104                    /lib/x86_64-linux-gnu/libnss_nis-2.21.so
7fda3d93e000-7fda3d93f000 rw-p 0000b000 08:02 2757104                    /lib/x86_64-linux-gnu/libnss_nis-2.21.so
7fda3d93f000-7fda3d956000 r-xp 00000000 08:02 2757087                    /lib/x86_64-linux-gnu/libnsl-2.21.so
7fda3d956000-7fda3db55000 ---p 00017000 08:02 2757087                    /lib/x86_64-linux-gnu/libnsl-2.21.so
7fda3db55000-7fda3db56000 r--p 00016000 08:02 2757087                    /lib/x86_64-linux-gnu/libnsl-2.21.so
7fda3db56000-7fda3db57000 rw-p 00017000 08:02 2757087                    /lib/x86_64-linux-gnu/libnsl-2.21.so
7fda3db57000-7fda3db59000 rw-p 00000000 00:00 0 
7fda3db59000-7fda3db61000 r-xp 00000000 08:02 2757089                    /lib/x86_64-linux-gnu/libnss_compat-2.21.so
7fda3db61000-7fda3dd60000 ---p 00008000 08:02 2757089                    /lib/x86_64-linux-gnu/libnss_compat-2.21.so
7fda3dd60000-7fda3dd61000 r--p 00007000 08:02 2757089                    /lib/x86_64-linux-gnu/libnss_compat-2.21.so
7fda3dd61000-7fda3dd62000 rw-p 00008000 08:02 2757089                    /lib/x86_64-linux-gnu/libnss_compat-2.21.so
7fda3dd62000-7fda3dd8f000 r-xp 00000000 08:02 1181980                    /usr/lib/jvm/java-8-openjdk-amd64/jre/lib/amd64/libjava.so
7fda3dd8f000-7fda3df8e000 ---p 0002d000 08:02 1181980                    /usr/lib/jvm/java-8-openjdk-amd64/jre/lib/amd64/libjava.so
7fda3df8e000-7fda3df8f000 r--p 0002c000 08:02 1181980                    /usr/lib/jvm/java-8-openjdk-amd64/jre/lib/amd64/libjava.so
7fda3df8f000-7fda3df91000 rw-p 0002d000 08:02 1181980                    /usr/lib/jvm/java-8-openjdk-amd64/jre/lib/amd64/libjava.so
7fda3df91000-7fda3dfa0000 r-xp 00000000 08:02 1181993                    /usr/lib/jvm/java-8-openjdk-amd64/jre/lib/amd64/libverify.so
7fda3dfa0000-7fda3e19f000 ---p 0000f000 08:02 1181993                    /usr/lib/jvm/java-8-openjdk-amd64/jre/lib/amd64/libverify.so
7fda3e19f000-7fda3e1a1000 r--p 0000e000 08:02 1181993                    /usr/lib/jvm/java-8-openjdk-amd64/jre/lib/amd64/libverify.so
7fda3e1a1000-7fda3e1a2000 rw-p 00010000 08:02 1181993                    /usr/lib/jvm/java-8-openjdk-amd64/jre/lib/amd64/libverify.so
7fda3e1a2000-7fda3e1a9000 r-xp 00000000 08:02 2757149                    /lib/x86_64-linux-gnu/librt-2.21.so
7fda3e1a9000-7fda3e3a8000 ---p 00007000 08:02 2757149                    /lib/x86_64-linux-gnu/librt-2.21.so
7fda3e3a8000-7fda3e3a9000 r--p 00006000 08:02 2757149                    /lib/x86_64-linux-gnu/librt-2.21.so
7fda3e3a9000-7fda3e3aa000 rw-p 00007000 08:02 2757149                    /lib/x86_64-linux-gnu/librt-2.21.so
7fda3e3aa000-7fda3e3c0000 r-xp 00000000 08:02 2756948                    /lib/x86_64-linux-gnu/libgcc_s.so.1
7fda3e3c0000-7fda3e5bf000 ---p 00016000 08:02 2756948                    /lib/x86_64-linux-gnu/libgcc_s.so.1
7fda3e5bf000-7fda3e5c0000 r--p 00015000 08:02 2756948                    /lib/x86_64-linux-gnu/libgcc_s.so.1
7fda3e5c0000-7fda3e5c1000 rw-p 00016000 08:02 2756948                    /lib/x86_64-linux-gnu/libgcc_s.so.1
7fda3e5c1000-7fda3e6c8000 r-xp 00000000 08:02 2757066                    /lib/x86_64-linux-gnu/libm-2.21.so
7fda3e6c8000-7fda3e8c7000 ---p 00107000 08:02 2757066                    /lib/x86_64-linux-gnu/libm-2.21.so
7fda3e8c7000-7fda3e8c8000 r--p 00106000 08:02 2757066                    /lib/x86_64-linux-gnu/libm-2.21.so
7fda3e8c8000-7fda3e8c9000 rw-p 00107000 08:02 2757066                    /lib/x86_64-linux-gnu/libm-2.21.so
7fda3e8c9000-7fda3ea3c000 r-xp 00000000 08:02 1184998                    /usr/lib/x86_64-linux-gnu/libstdc++.so.6.0.21
7fda3ea3c000-7fda3ec3b000 ---p 00173000 08:02 1184998                    /usr/lib/x86_64-linux-gnu/libstdc++.so.6.0.21
7fda3ec3b000-7fda3ec45000 r--p 00172000 08:02 1184998                    /usr/lib/x86_64-linux-gnu/libstdc++.so.6.0.21
7fda3ec45000-7fda3ec47000 rw-p 0017c000 08:02 1184998                    /usr/lib/x86_64-linux-gnu/libstdc++.so.6.0.21
7fda3ec47000-7fda3ec4b000 rw-p 00000000 00:00 0 
7fda3ec4b000-7fda3f890000 r-xp 00000000 08:02 1181987                    /usr/lib/jvm/java-8-openjdk-amd64/jre/lib/amd64/server/libjvm.so
7fda3f890000-7fda3fa8f000 ---p 00c45000 08:02 1181987                    /usr/lib/jvm/java-8-openjdk-amd64/jre/lib/amd64/server/libjvm.so
7fda3fa8f000-7fda3fb22000 r--p 00c44000 08:02 1181987                    /usr/lib/jvm/java-8-openjdk-amd64/jre/lib/amd64/server/libjvm.so
7fda3fb22000-7fda3fb4a000 rw-p 00cd7000 08:02 1181987                    /usr/lib/jvm/java-8-openjdk-amd64/jre/lib/amd64/server/libjvm.so
7fda3fb4a000-7fda3fb79000 rw-p 00000000 00:00 0 
7fda3fb79000-7fda3fb91000 r-xp 00000000 08:02 2757141                    /lib/x86_64-linux-gnu/libpthread-2.21.so
7fda3fb91000-7fda3fd91000 ---p 00018000 08:02 2757141                    /lib/x86_64-linux-gnu/libpthread-2.21.so
7fda3fd91000-7fda3fd92000 r--p 00018000 08:02 2757141                    /lib/x86_64-linux-gnu/libpthread-2.21.so
7fda3fd92000-7fda3fd93000 rw-p 00019000 08:02 2757141                    /lib/x86_64-linux-gnu/libpthread-2.21.so
7fda3fd93000-7fda3fd97000 rw-p 00000000 00:00 0 
7fda3fd97000-7fda3fd9a000 r-xp 00000000 08:02 2757025                    /lib/x86_64-linux-gnu/libdl-2.21.so
7fda3fd9a000-7fda3ff99000 ---p 00003000 08:02 2757025                    /lib/x86_64-linux-gnu/libdl-2.21.so
7fda3ff99000-7fda3ff9a000 r--p 00002000 08:02 2757025                    /lib/x86_64-linux-gnu/libdl-2.21.so
7fda3ff9a000-7fda3ff9b000 rw-p 00003000 08:02 2757025                    /lib/x86_64-linux-gnu/libdl-2.21.so
7fda3ff9b000-7fda3ffb4000 r-xp 00000000 08:02 2752595                    /lib/x86_64-linux-gnu/libz.so.1.2.8
7fda3ffb4000-7fda401b3000 ---p 00019000 08:02 2752595                    /lib/x86_64-linux-gnu/libz.so.1.2.8
7fda401b3000-7fda401b4000 r--p 00018000 08:02 2752595                    /lib/x86_64-linux-gnu/libz.so.1.2.8
7fda401b4000-7fda401b5000 rw-p 00019000 08:02 2752595                    /lib/x86_64-linux-gnu/libz.so.1.2.8
7fda401b5000-7fda40375000 r-xp 00000000 08:02 2757010                    /lib/x86_64-linux-gnu/libc-2.21.so
7fda40375000-7fda40575000 ---p 001c0000 08:02 2757010                    /lib/x86_64-linux-gnu/libc-2.21.so
7fda40575000-7fda40579000 r--p 001c0000 08:02 2757010                    /lib/x86_64-linux-gnu/libc-2.21.so
7fda40579000-7fda4057b000 rw-p 001c4000 08:02 2757010                    /lib/x86_64-linux-gnu/libc-2.21.so
7fda4057b000-7fda4057f000 rw-p 00000000 00:00 0 
7fda4057f000-7fda4058c000 r-xp 00000000 08:02 1181994                    /usr/lib/jvm/java-8-openjdk-amd64/jre/lib/amd64/jli/libjli.so
7fda4058c000-7fda4078c000 ---p 0000d000 08:02 1181994                    /usr/lib/jvm/java-8-openjdk-amd64/jre/lib/amd64/jli/libjli.so
7fda4078c000-7fda4078d000 r--p 0000d000 08:02 1181994                    /usr/lib/jvm/java-8-openjdk-amd64/jre/lib/amd64/jli/libjli.so
7fda4078d000-7fda4078e000 rw-p 0000e000 08:02 1181994                    /usr/lib/jvm/java-8-openjdk-amd64/jre/lib/amd64/jli/libjli.so
7fda4078e000-7fda407b2000 r-xp 00000000 08:02 2756982                    /lib/x86_64-linux-gnu/ld-2.21.so
7fda407b2000-7fda407b3000 rw-p 00000000 00:00 0 
7fda407b3000-7fda407b4000 r--s 00010000 08:02 1181951                    /usr/lib/jvm/java-8-openjdk-amd64/jre/lib/ext/zipfs.jar
7fda407b4000-7fda407b5000 r--s 0000a000 08:02 1181954                    /usr/lib/jvm/java-8-openjdk-amd64/jre/lib/ext/jaccess.jar
7fda407b5000-7fda407b7000 r--s 00001000 08:02 1181957                    /usr/lib/jvm/java-8-openjdk-amd64/jre/lib/ext/dnsns.jar
7fda407b7000-7fda40887000 rw-p 00000000 00:00 0 
7fda40887000-7fda4088a000 ---p 00000000 00:00 0 
7fda4088a000-7fda4098d000 rw-p 00000000 00:00 0                          [stack:26169]
7fda4098d000-7fda4098e000 r--s 00008000 08:02 1181958                    /usr/lib/jvm/java-8-openjdk-amd64/jre/lib/ext/sunec.jar
7fda4098e000-7fda40991000 r--s 0000f000 08:02 1181953                    /usr/lib/jvm/java-8-openjdk-amd64/jre/lib/ext/icedtea-sound.jar
7fda40991000-7fda409a5000 rw-p 00000000 00:00 0 
7fda409a5000-7fda409ad000 rw-s 00000000 08:02 2509692                    /tmp/hsperfdata_tysovsky/26165
7fda409ad000-7fda409ae000 rw-p 00000000 00:00 0 
7fda409ae000-7fda409af000 ---p 00000000 00:00 0 
7fda409af000-7fda409b1000 rw-p 00000000 00:00 0 
7fda409b1000-7fda409b2000 r--p 00023000 08:02 2756982                    /lib/x86_64-linux-gnu/ld-2.21.so
7fda409b2000-7fda409b3000 rw-p 00024000 08:02 2756982                    /lib/x86_64-linux-gnu/ld-2.21.so
7fda409b3000-7fda409b4000 rw-p 00000000 00:00 0 
7ffdfd3fe000-7ffdfd41f000 rw-p 00000000 00:00 0                          [stack]
7ffdfd528000-7ffdfd52a000 r--p 00000000 00:00 0                          [vvar]
7ffdfd52a000-7ffdfd52c000 r-xp 00000000 00:00 0                          [vdso]
ffffffffff600000-ffffffffff601000 r-xp 00000000 00:00 0                  [vsyscall]

VM Arguments:
jvm_args: -Xmx1024M -Dfile.encoding=UTF-8 -Duser.country=US -Duser.language=en -Duser.variant 
java_command: com.android.dx.command.Main --dex --num-threads=4 --output /home/tysovsky/Documents/Cryptem/SkyPlayer/app/build/intermediates/dex/debug /home/tysovsky/Documents/Cryptem/SkyPlayer/app/build/intermediates/classes/debug /home/tysovsky/Documents/Cryptem/SkyPlayer/app/build/intermediates/pre-dexed/debug/classes-3e757a110dfc7ff7aea262bee5d4ee7bd2f59991.jar /home/tysovsky/Documents/Cryptem/SkyPlayer/app/build/intermediates/pre-dexed/debug/support-annotations-23.1.1-6b165dea88bed607f6171088d09c8c6d04643c5b.jar /home/tysovsky/Documents/Cryptem/SkyPlayer/app/build/intermediates/pre-dexed/debug/classes-e973987643927724b518e7c4e3dba449f73a05e0.jar /home/tysovsky/Documents/Cryptem/SkyPlayer/app/build/intermediates/pre-dexed/debug/classes-b1c668f3586999b43524714d93716ddc31043293.jar /home/tysovsky/Documents/Cryptem/SkyPlayer/app/build/intermediates/pre-dexed/debug/classes-dec4021679d146ddb68da1713540bb4657604ac3.jar /home/tysovsky/Documents/Cryptem/SkyPlayer/app/build/intermediates/pre-dexed/debug/classes-47d9c9924597d591cf8f806d4e3f874c59cef43e.jar /home/tysovsky/Documents/Cryptem/SkyPlayer/app/build/intermediates/pre-dexed/debug/classes-50d2bbb1c9a1131183ee07f747b0b3dde24fe484.jar /home/tysovsky/Documents/Cryptem/SkyPlayer/app/build/intermediates/pre-dexed/debug/classes-d142865baca6e3a4ba5bc129700bd0113ac4794c.jar /home/tysovsky/Documents/Cryptem/SkyPlayer/app/build/intermediates/pre-dexed/debug/library-2.4.0-0c3989ba5b0729d67522b11846f4c596f9da723d.jar /home/tysovsky/Documents/Cryptem/SkyPlayer/app/build/intermediates/pre-dexed/debug/classes-61b2d49dd521dc93992086923bc873db5e036110.jar /home/tysovsky/Documents/Cryptem/SkyPlayer/app/build/intermediates/pre-dexed/debug/internal_impl-23.1.1-dfd1a2a5c360772681e2b123dfef737a5ea5f693.jar /home/tysovsky/Documents/Cryptem/SkyPlayer/app/build/intermediates/pre-dexed/debug/classes-5e0c2b04edc4d13b09527cd5ea4c6bb682b546c8.jar /home/tysovsky/Documents/Cryptem/SkyPlayer/app/build/intermediates/pre-dexed/debug/classes-322adc
java_class_path (initial): /home/tysovsky/Android/AndroidSDK/build-tools/23.0.1/lib/dx.jar
Launcher Type: SUN_STANDARD

Environment Variables:
PATH=/usr/local/sbin:/usr/local/bin:/usr/sbin:/usr/bin:/sbin:/bin:/usr/games:/usr/local/games
USERNAME=tysovsky
LD_LIBRARY_PATH=/home/tysovsky/Android/AndroidStudio/bin:
SHELL=/bin/bash
DISPLAY=:1

Signal Handlers:
SIGSEGV: [libjvm.so+0xa5d4d0], sa_mask[0]=11111111011111111101111111111110, sa_flags=SA_RESTART|SA_SIGINFO
SIGBUS: [libjvm.so+0xa5d4d0], sa_mask[0]=11111111011111111101111111111110, sa_flags=SA_RESTART|SA_SIGINFO
SIGFPE: [libjvm.so+0x8a9210], sa_mask[0]=11111111011111111101111111111110, sa_flags=SA_RESTART|SA_SIGINFO
SIGPIPE: [libjvm.so+0x8a9210], sa_mask[0]=11111111011111111101111111111110, sa_flags=SA_RESTART|SA_SIGINFO
SIGXFSZ: [libjvm.so+0x8a9210], sa_mask[0]=11111111011111111101111111111110, sa_flags=SA_RESTART|SA_SIGINFO
SIGILL: [libjvm.so+0x8a9210], sa_mask[0]=11111111011111111101111111111110, sa_flags=SA_RESTART|SA_SIGINFO
SIGUSR1: SIG_DFL, sa_mask[0]=00000000000000000000000000000000, sa_flags=none
SIGUSR2: [libjvm.so+0x8a90c0], sa_mask[0]=00100000000000000000000000000000, sa_flags=SA_RESTART|SA_SIGINFO
SIGHUP: [libjvm.so+0x8a9590], sa_mask[0]=11111111011111111101111111111110, sa_flags=SA_RESTART|SA_SIGINFO
SIGINT: [libjvm.so+0x8a9590], sa_mask[0]=11111111011111111101111111111110, sa_flags=SA_RESTART|SA_SIGINFO
SIGTERM: [libjvm.so+0x8a9590], sa_mask[0]=11111111011111111101111111111110, sa_flags=SA_RESTART|SA_SIGINFO
SIGQUIT: [libjvm.so+0x8a9590], sa_mask[0]=11111111011111111101111111111110, sa_flags=SA_RESTART|SA_SIGINFO


---------------  S Y S T E M  ---------------

OS:DISTRIB_ID=Ubuntu
DISTRIB_RELEASE=15.10
DISTRIB_CODENAME=wily
DISTRIB_DESCRIPTION="Ubuntu 15.10"

uname:Linux 4.2.0-18-generic #22-Ubuntu SMP Fri Nov 6 18:25:50 UTC 2015 x86_64
libc:glibc 2.21 NPTL 2.21 
rlimit: STACK 8192k, CORE 0k, NPROC 30078, NOFILE 65536, AS infinity
load average:6.20 4.06 2.93

/proc/meminfo:
MemTotal:        8078548 kB
MemFree:           48004 kB
MemAvailable:      90428 kB
Buffers:             476 kB
Cached:           560360 kB
SwapCached:        10848 kB
Active:          6543176 kB
Inactive:        1241588 kB
Active(anon):    6532072 kB
Inactive(anon):  1229480 kB
Active(file):      11104 kB
Inactive(file):    12108 kB
Unevictable:          16 kB
Mlocked:              16 kB
SwapTotal:       1952252 kB
SwapFree:             56 kB
Dirty:                24 kB
Writeback:           160 kB
AnonPages:       7214340 kB
Mapped:           290664 kB
Shmem:            536528 kB
Slab:             121056 kB
SReclaimable:      59032 kB
SUnreclaim:        62024 kB
KernelStack:       11600 kB
PageTables:        56956 kB
NFS_Unstable:          0 kB
Bounce:                0 kB
WritebackTmp:          0 kB
CommitLimit:     5991524 kB
Committed_AS:   12338948 kB
VmallocTotal:   34359738367 kB
VmallocUsed:      382036 kB
VmallocChunk:   34358947836 kB
HardwareCorrupted:     0 kB
AnonHugePages:   1777664 kB
CmaTotal:              0 kB
CmaFree:               0 kB
HugePages_Total:       0
HugePages_Free:        0
HugePages_Rsvd:        0
HugePages_Surp:        0
Hugepagesize:       2048 kB
DirectMap4k:      191656 kB
DirectMap2M:     8099840 kB
DirectMap1G:     1048576 kB


CPU:total 4 (2 cores per cpu, 2 threads per core) family 6 model 61 stepping 4, cmov, cx8, fxsr, mmx, sse, sse2, sse3, ssse3, sse4.1, sse4.2, popcnt, avx, avx2, aes, clmul, erms, 3dnowpref, lzcnt, ht, tsc, tscinvbit, bmi1, bmi2, adx

/proc/cpuinfo:
processor	: 0
vendor_id	: GenuineIntel
cpu family	: 6
model		: 61
model name	: Intel(R) Core(TM) i5-5200U CPU @ 2.20GHz
stepping	: 4
microcode	: 0x1f
cpu MHz		: 2499.921
cache size	: 3072 KB
physical id	: 0
siblings	: 4
core id		: 0
cpu cores	: 2
apicid		: 0
initial apicid	: 0
fpu		: yes
fpu_exception	: yes
cpuid level	: 20
wp		: yes
flags		: fpu vme de pse tsc msr pae mce cx8 apic sep mtrr pge mca cmov pat pse36 clflush dts acpi mmx fxsr sse sse2 ss ht tm pbe syscall nx pdpe1gb rdtscp lm constant_tsc arch_perfmon pebs bts rep_good nopl xtopology nonstop_tsc aperfmperf eagerfpu pni pclmulqdq dtes64 monitor ds_cpl vmx est tm2 ssse3 fma cx16 xtpr pdcm pcid sse4_1 sse4_2 x2apic movbe popcnt tsc_deadline_timer aes xsave avx f16c rdrand lahf_lm abm 3dnowprefetch ida arat epb pln pts dtherm intel_pt tpr_shadow vnmi flexpriority ept vpid fsgsbase tsc_adjust bmi1 avx2 smep bmi2 erms invpcid rdseed adx smap xsaveopt
bugs		:
bogomips	: 4389.50
clflush size	: 64
cache_alignment	: 64
address sizes	: 39 bits physical, 48 bits virtual
power management:

processor	: 1
vendor_id	: GenuineIntel
cpu family	: 6
model		: 61
model name	: Intel(R) Core(TM) i5-5200U CPU @ 2.20GHz
stepping	: 4
microcode	: 0x1f
cpu MHz		: 2523.812
cache size	: 3072 KB
physical id	: 0
siblings	: 4
core id		: 1
cpu cores	: 2
apicid		: 2
initial apicid	: 2
fpu		: yes
fpu_exception	: yes
cpuid level	: 20
wp		: yes
flags		: fpu vme de pse tsc msr pae mce cx8 apic sep mtrr pge mca cmov pat pse36 clflush dts acpi mmx fxsr sse sse2 ss ht tm pbe syscall nx pdpe1gb rdtscp lm constant_tsc arch_perfmon pebs bts rep_good nopl xtopology nonstop_tsc aperfmperf eagerfpu pni pclmulqdq dtes64 monitor ds_cpl vmx est tm2 ssse3 fma cx16 xtpr pdcm pcid sse4_1 sse4_2 x2apic movbe popcnt tsc_deadline_timer aes xsave avx f16c rdrand lahf_lm abm 3dnowprefetch ida arat epb pln pts dtherm intel_pt tpr_shadow vnmi flexpriority ept vpid fsgsbase tsc_adjust bmi1 avx2 smep bmi2 erms invpcid rdseed adx smap xsaveopt
bugs		:
bogomips	: 4389.50
clflush size	: 64
cache_alignment	: 64
address sizes	: 39 bits physical, 48 bits virtual
power management:

processor	: 2
vendor_id	: GenuineIntel
cpu family	: 6
model		: 61
model name	: Intel(R) Core(TM) i5-5200U CPU @ 2.20GHz
stepping	: 4
microcode	: 0x1f
cpu MHz		: 2499.921
cache size	: 3072 KB
physical id	: 0
siblings	: 4
core id		: 0
cpu cores	: 2
apicid		: 1
initial apicid	: 1
fpu		: yes
fpu_exception	: yes
cpuid level	: 20
wp		: yes
flags		: fpu vme de pse tsc msr pae mce cx8 apic sep mtrr pge mca cmov pat pse36 clflush dts acpi mmx fxsr sse sse2 ss ht tm pbe syscall nx pdpe1gb rdtscp lm constant_tsc arch_perfmon pebs bts rep_good nopl xtopology nonstop_tsc aperfmperf eagerfpu pni pclmulqdq dtes64 monitor ds_cpl vmx est tm2 ssse3 fma cx16 xtpr pdcm pcid sse4_1 sse4_2 x2apic movbe popcnt tsc_deadline_timer aes xsave avx f16c rdrand lahf_lm abm 3dnowprefetch ida arat epb pln pts dtherm intel_pt tpr_shadow vnmi flexpriority ept vpid fsgsbase tsc_adjust bmi1 avx2 smep bmi2 erms invpcid rdseed adx smap xsaveopt
bugs		:
bogomips	: 4389.50
clflush size	: 64
cache_alignment	: 64
address sizes	: 39 bits physical, 48 bits virtual
power management:

processor	: 3
vendor_id	: GenuineIntel
cpu family	: 6
model		: 61
model name	: Intel(R) Core(TM) i5-5200U CPU @ 2.20GHz
stepping	: 4
microcode	: 0x1f
cpu MHz		: 2521.750
cache size	: 3072 KB
physical id	: 0
siblings	: 4
core id		: 1
cpu cores	: 2
apicid		: 3
initial apicid	: 3
fpu		: yes
fpu_exception	: yes
cpuid level	: 20
wp		: yes
flags		: fpu vme de pse tsc msr pae mce cx8 apic sep mtrr pge mca cmov pat pse36 clflush dts acpi mmx fxsr sse sse2 ss ht tm pbe syscall nx pdpe1gb rdtscp lm constant_tsc arch_perfmon pebs bts rep_good nopl xtopology nonstop_tsc aperfmperf eagerfpu pni pclmulqdq dtes64 monitor ds_cpl vmx est tm2 ssse3 fma cx16 xtpr pdcm pcid sse4_1 sse4_2 x2apic movbe popcnt tsc_deadline_timer aes xsave avx f16c rdrand lahf_lm abm 3dnowprefetch ida arat epb pln pts dtherm intel_pt tpr_shadow vnmi flexpriority ept vpid fsgsbase tsc_adjust bmi1 avx2 smep bmi2 erms invpcid rdseed adx smap xsaveopt
bugs		:
bogomips	: 4389.50
clflush size	: 64
cache_alignment	: 64
address sizes	: 39 bits physical, 48 bits virtual
power management:



Memory: 4k page, physical 8078548k(46268k free), swap 1952252k(0k free)

vm_info: OpenJDK 64-Bit Server VM (25.66-b17) for linux-amd64 JRE (1.8.0_66-internal-b17), built on Oct 21 2015 22:08:46 by "buildd" with gcc 5.2.1 20151010

time: Mon Jan 18 19:04:55 2016
elapsed time: 9 seconds (0d 0h 0m 9s)

