#
# There is insufficient memory for the Java Runtime Environment to continue.
# Native memory allocation (mmap) failed to map 166723584 bytes for committing reserved memory.
# Possible reasons:
#   The system is out of physical RAM or swap space
#   In 32 bit mode, the process size limit was hit
# Possible solutions:
#   Reduce memory load on the system
#   Increase physical memory or swap space
#   Check if swap backing store is full
#   Use 64 bit Java on a 64 bit OS
#   Decrease Java heap size (-Xmx/-Xms)
#   Decrease number of Java threads
#   Decrease Java thread stack sizes (-Xss)
#   Set larger code cache with -XX:ReservedCodeCacheSize=
# This output file may be truncated or incomplete.
#
#  Out of Memory Error (os_linux.cpp:2627), pid=26211, tid=139876353120000
#
# JRE version: OpenJDK Runtime Environment (8.0_66-b17) (build 1.8.0_66-internal-b17)
# Java VM: OpenJDK 64-Bit Server VM (25.66-b17 mixed mode linux-amd64 compressed oops)
# Failed to write core dump. Core dumps have been disabled. To enable core dumping, try "ulimit -c unlimited" before starting Java again
#

---------------  T H R E A D  ---------------

Current thread (0x00007f3790079000):  VMThread [stack: 0x00007f3780471000,0x00007f3780572000] [id=26220]

Stack: [0x00007f3780471000,0x00007f3780572000],  sp=0x00007f37805704c0,  free space=1021k
Native frames: (J=compiled Java code, j=interpreted, Vv=VM code, C=native code)
V  [libjvm.so+0xa5c97b]
V  [libjvm.so+0x4c103c]
V  [libjvm.so+0x8adbd0]
V  [libjvm.so+0x8a806e]
V  [libjvm.so+0x921bfb]
V  [libjvm.so+0x922f43]
V  [libjvm.so+0x91f5f3]
V  [libjvm.so+0x91f8bc]
V  [libjvm.so+0x8d2413]
V  [libjvm.so+0xa5e632]
V  [libjvm.so+0xa636b7]
V  [libjvm.so+0xa60e87]
V  [libjvm.so+0xa6230f]
V  [libjvm.so+0xa62801]
V  [libjvm.so+0x8ab0d2]

VM_Operation (0x00007f37992ed260): ParallelGCFailedAllocation, mode: safepoint, requested by thread 0x00007f379000b000


---------------  P R O C E S S  ---------------

Java Threads: ( => current thread )
  0x00007f37900c1800 JavaThread "Service Thread" daemon [_thread_blocked, id=26227, stack(0x00007f377961b000,0x00007f377971c000)]
  0x00007f37900b4000 JavaThread "C1 CompilerThread2" daemon [_thread_blocked, id=26226, stack(0x00007f377971c000,0x00007f377981d000)]
  0x00007f37900b2000 JavaThread "C2 CompilerThread1" daemon [_thread_blocked, id=26225, stack(0x00007f377981d000,0x00007f377991e000)]
  0x00007f37900af000 JavaThread "C2 CompilerThread0" daemon [_thread_blocked, id=26224, stack(0x00007f378006d000,0x00007f378016e000)]
  0x00007f37900ad000 JavaThread "Signal Dispatcher" daemon [_thread_blocked, id=26223, stack(0x00007f378016e000,0x00007f378026f000)]
  0x00007f3790080000 JavaThread "Finalizer" daemon [_thread_blocked, id=26222, stack(0x00007f378026f000,0x00007f3780370000)]
  0x00007f379007e000 JavaThread "Reference Handler" daemon [_thread_blocked, id=26221, stack(0x00007f3780370000,0x00007f3780471000)]
  0x00007f379000b000 JavaThread "main" [_thread_blocked, id=26215, stack(0x00007f37991ee000,0x00007f37992ef000)]

Other Threads:
=>0x00007f3790079000 VMThread [stack: 0x00007f3780471000,0x00007f3780572000] [id=26220]
  0x00007f37900c4000 WatcherThread [stack: 0x00007f377951a000,0x00007f377961b000] [id=26228]

VM state:at safepoint (normal execution)

VM Mutex/Monitor currently owned by a thread:  ([mutex/lock_event])
[0x00007f3790007610] Threads_lock - owner thread: 0x00007f3790079000
[0x00007f3790007b10] Heap_lock - owner thread: 0x00007f379000b000

Heap:
 PSYoungGen      total 132096K, used 5103K [0x00000000eab00000, 0x00000000f3100000, 0x0000000100000000)
  eden space 126976K, 0% used [0x00000000eab00000,0x00000000eab00000,0x00000000f2700000)
  from space 5120K, 99% used [0x00000000f2700000,0x00000000f2bfbca8,0x00000000f2c00000)
  to   space 5120K, 0% used [0x00000000f2c00000,0x00000000f2c00000,0x00000000f3100000)
 ParOldGen       total 84992K, used 40291K [0x00000000c0000000, 0x00000000c5300000, 0x00000000eab00000)
  object space 84992K, 47% used [0x00000000c0000000,0x00000000c2758c68,0x00000000c5300000)
 Metaspace       used 7389K, capacity 7806K, committed 7936K, reserved 1056768K
  class space    used 720K, capacity 753K, committed 768K, reserved 1048576K

Card table byte_map: [0x00007f37956c3000,0x00007f37958c4000] byte_map_base: 0x00007f37950c3000

Marking Bits: (ParMarkBitMap*) 0x00007f37984c5000
 Begin Bits: [0x00007f377a000000, 0x00007f377b000000)
 End Bits:   [0x00007f377b000000, 0x00007f377c000000)

Polling page: 0x00007f3799315000

CodeCache: size=245760Kb used=6408Kb max_used=6419Kb free=239352Kb
 bounds [0x00007f3781000000, 0x00007f3781650000, 0x00007f3790000000]
 total_blobs=2435 nmethods=2137 adapters=213
 compilation: enabled

Compilation events (10 events):
Event: 2.607 Thread 0x00007f37900b2000 2153       4       com.android.dx.merge.IndexMap::adjust (60 bytes)
Event: 2.623 Thread 0x00007f37900b2000 nmethod 2153 0x00007f3781646ed0 code [0x00007f37816470a0, 0x00007f3781647b98]
Event: 2.623 Thread 0x00007f37900b2000 2156       4       com.android.dx.io.instructions.InstructionCodec$28::decode (7 bytes)
Event: 2.627 Thread 0x00007f37900b2000 nmethod 2156 0x00007f378164c550 code [0x00007f378164c6c0, 0x00007f378164c978]
Event: 2.627 Thread 0x00007f37900b2000 2147       4       com.android.dex.EncodedValueReader::readArray (19 bytes)
Event: 2.642 Thread 0x00007f37900b2000 nmethod 2147 0x00007f378164b290 code [0x00007f378164b460, 0x00007f378164bcf8]
Event: 2.642 Thread 0x00007f37900b2000 2157       4       com.android.dx.merge.InstructionTransformer$StringVisitor::visit (63 bytes)
Event: 2.646 Thread 0x00007f37900b2000 nmethod 2157 0x00007f378164e1d0 code [0x00007f378164e360, 0x00007f378164e7b8]
Event: 2.646 Thread 0x00007f37900b2000 2158       4       com.android.dx.io.instructions.InstructionCodec$12::decode (56 bytes)
Event: 2.649 Thread 0x00007f37900b2000 nmethod 2158 0x00007f378164acd0 code [0x00007f378164ae40, 0x00007f378164b078]

GC Heap History (9 events):
Event: 0.802 GC heap before
{Heap before GC invocations=1 (full 0):
 PSYoungGen      total 36864K, used 31744K [0x00000000eab00000, 0x00000000ed400000, 0x0000000100000000)
  eden space 31744K, 100% used [0x00000000eab00000,0x00000000eca00000,0x00000000eca00000)
  from space 5120K, 0% used [0x00000000ecf00000,0x00000000ecf00000,0x00000000ed400000)
  to   space 5120K, 0% used [0x00000000eca00000,0x00000000eca00000,0x00000000ecf00000)
 ParOldGen       total 84992K, used 0K [0x00000000c0000000, 0x00000000c5300000, 0x00000000eab00000)
  object space 84992K, 0% used [0x00000000c0000000,0x00000000c0000000,0x00000000c5300000)
 Metaspace       used 5398K, capacity 6768K, committed 7040K, reserved 1056768K
  class space    used 539K, capacity 616K, committed 640K, reserved 1048576K
Event: 0.835 GC heap after
Heap after GC invocations=1 (full 0):
 PSYoungGen      total 36864K, used 5107K [0x00000000eab00000, 0x00000000ef300000, 0x0000000100000000)
  eden space 31744K, 0% used [0x00000000eab00000,0x00000000eab00000,0x00000000eca00000)
  from space 5120K, 99% used [0x00000000eca00000,0x00000000ecefcdc8,0x00000000ecf00000)
  to   space 5120K, 0% used [0x00000000eee00000,0x00000000eee00000,0x00000000ef300000)
 ParOldGen       total 84992K, used 3321K [0x00000000c0000000, 0x00000000c5300000, 0x00000000eab00000)
  object space 84992K, 3% used [0x00000000c0000000,0x00000000c033e450,0x00000000c5300000)
 Metaspace       used 5398K, capacity 6768K, committed 7040K, reserved 1056768K
  class space    used 539K, capacity 616K, committed 640K, reserved 1048576K
}
Event: 1.526 GC heap before
{Heap before GC invocations=2 (full 0):
 PSYoungGen      total 36864K, used 36420K [0x00000000eab00000, 0x00000000ef300000, 0x0000000100000000)
  eden space 31744K, 98% used [0x00000000eab00000,0x00000000ec9945d8,0x00000000eca00000)
  from space 5120K, 99% used [0x00000000eca00000,0x00000000ecefcdc8,0x00000000ecf00000)
  to   space 5120K, 0% used [0x00000000eee00000,0x00000000eee00000,0x00000000ef300000)
 ParOldGen       total 84992K, used 3321K [0x00000000c0000000, 0x00000000c5300000, 0x00000000eab00000)
  object space 84992K, 3% used [0x00000000c0000000,0x00000000c033e450,0x00000000c5300000)
 Metaspace       used 7177K, capacity 7704K, committed 7936K, reserved 1056768K
  class space    used 710K, capacity 720K, committed 768K, reserved 1048576K
Event: 1.582 GC heap after
Heap after GC invocations=2 (full 0):
 PSYoungGen      total 68608K, used 5116K [0x00000000eab00000, 0x00000000ef300000, 0x0000000100000000)
  eden space 63488K, 0% used [0x00000000eab00000,0x00000000eab00000,0x00000000ee900000)
  from space 5120K, 99% used [0x00000000eee00000,0x00000000ef2ff348,0x00000000ef300000)
  to   space 5120K, 0% used [0x00000000ee900000,0x00000000ee900000,0x00000000eee00000)
 ParOldGen       total 84992K, used 8810K [0x00000000c0000000, 0x00000000c5300000, 0x00000000eab00000)
  object space 84992K, 10% used [0x00000000c0000000,0x00000000c089a800,0x00000000c5300000)
 Metaspace       used 7177K, capacity 7704K, committed 7936K, reserved 1056768K
  class space    used 710K, capacity 720K, committed 768K, reserved 1048576K
}
Event: 1.979 GC heap before
{Heap before GC invocations=3 (full 0):
 PSYoungGen      total 68608K, used 68604K [0x00000000eab00000, 0x00000000ef300000, 0x0000000100000000)
  eden space 63488K, 100% used [0x00000000eab00000,0x00000000ee900000,0x00000000ee900000)
  from space 5120K, 99% used [0x00000000eee00000,0x00000000ef2ff348,0x00000000ef300000)
  to   space 5120K, 0% used [0x00000000ee900000,0x00000000ee900000,0x00000000eee00000)
 ParOldGen       total 84992K, used 8810K [0x00000000c0000000, 0x00000000c5300000, 0x00000000eab00000)
  object space 84992K, 10% used [0x00000000c0000000,0x00000000c089a800,0x00000000c5300000)
 Metaspace       used 7280K, capacity 7768K, committed 7936K, reserved 1056768K
  class space    used 711K, capacity 720K, committed 768K, reserved 1048576K
Event: 1.994 GC heap after
Heap after GC invocations=3 (full 0):
 PSYoungGen      total 68608K, used 5108K [0x00000000eab00000, 0x00000000f3100000, 0x0000000100000000)
  eden space 63488K, 0% used [0x00000000eab00000,0x00000000eab00000,0x00000000ee900000)
  from space 5120K, 99% used [0x00000000ee900000,0x00000000eedfd310,0x00000000eee00000)
  to   space 5120K, 0% used [0x00000000f2c00000,0x00000000f2c00000,0x00000000f3100000)
 ParOldGen       total 84992K, used 12111K [0x00000000c0000000, 0x00000000c5300000, 0x00000000eab00000)
  object space 84992K, 14% used [0x00000000c0000000,0x00000000c0bd3f40,0x00000000c5300000)
 Metaspace       used 7280K, capacity 7768K, committed 7936K, reserved 1056768K
  class space    used 711K, capacity 720K, committed 768K, reserved 1048576K
}
Event: 2.252 GC heap before
{Heap before GC invocations=4 (full 0):
 PSYoungGen      total 68608K, used 68596K [0x00000000eab00000, 0x00000000f3100000, 0x0000000100000000)
  eden space 63488K, 100% used [0x00000000eab00000,0x00000000ee900000,0x00000000ee900000)
  from space 5120K, 99% used [0x00000000ee900000,0x00000000eedfd310,0x00000000eee00000)
  to   space 5120K, 0% used [0x00000000f2c00000,0x00000000f2c00000,0x00000000f3100000)
 ParOldGen       total 84992K, used 12111K [0x00000000c0000000, 0x00000000c5300000, 0x00000000eab00000)
  object space 84992K, 14% used [0x00000000c0000000,0x00000000c0bd3f40,0x00000000c5300000)
 Metaspace       used 7375K, capacity 7806K, committed 7936K, reserved 1056768K
  class space    used 720K, capacity 753K, committed 768K, reserved 1048576K
Event: 2.270 GC heap after
Heap after GC invocations=4 (full 0):
 PSYoungGen      total 132096K, used 5109K [0x00000000eab00000, 0x00000000f3100000, 0x0000000100000000)
  eden space 126976K, 0% used [0x00000000eab00000,0x00000000eab00000,0x00000000f2700000)
  from space 5120K, 99% used [0x00000000f2c00000,0x00000000f30fd5d8,0x00000000f3100000)
  to   space 5120K, 0% used [0x00000000f2700000,0x00000000f2700000,0x00000000f2c00000)
 ParOldGen       total 84992K, used 22142K [0x00000000c0000000, 0x00000000c5300000, 0x00000000eab00000)
  object space 84992K, 26% used [0x00000000c0000000,0x00000000c159f8c0,0x00000000c5300000)
 Metaspace       used 7375K, capacity 7806K, committed 7936K, reserved 1056768K
  class space    used 720K, capacity 753K, committed 768K, reserved 1048576K
}
Event: 2.659 GC heap before
{Heap before GC invocations=5 (full 0):
 PSYoungGen      total 132096K, used 132085K [0x00000000eab00000, 0x00000000f3100000, 0x0000000100000000)
  eden space 126976K, 100% used [0x00000000eab00000,0x00000000f2700000,0x00000000f2700000)
  from space 5120K, 99% used [0x00000000f2c00000,0x00000000f30fd5d8,0x00000000f3100000)
  to   space 5120K, 0% used [0x00000000f2700000,0x00000000f2700000,0x00000000f2c00000)
 ParOldGen       total 84992K, used 22142K [0x00000000c0000000, 0x00000000c5300000, 0x00000000eab00000)
  object space 84992K, 26% used [0x00000000c0000000,0x00000000c159f8c0,0x00000000c5300000)
 Metaspace       used 7389K, capacity 7806K, committed 7936K, reserved 1056768K
  class space    used 720K, capacity 753K, committed 768K, reserved 1048576K

Deoptimization events (10 events):
Event: 1.248 Thread 0x00007f379000b000 Uncommon trap: reason=class_check action=maybe_recompile pc=0x00007f378137e8c8 method=java.util.HashMap.putVal(ILjava/lang/Object;Ljava/lang/Object;ZZ)Ljava/lang/Object; @ 56
Event: 1.285 Thread 0x00007f379000b000 Uncommon trap: reason=unstable_if action=reinterpret pc=0x00007f37811d9854 method=java.lang.String.<init>([CII)V @ 18
Event: 1.337 Thread 0x00007f379000b000 Uncommon trap: reason=unstable_if action=reinterpret pc=0x00007f3781428c84 method=java.util.HashMap.putVal(ILjava/lang/Object;Ljava/lang/Object;ZZ)Ljava/lang/Object; @ 162
Event: 1.337 Thread 0x00007f379000b000 Uncommon trap: reason=unstable_if action=reinterpret pc=0x00007f3781427b7c method=java.util.HashMap.putVal(ILjava/lang/Object;Ljava/lang/Object;ZZ)Ljava/lang/Object; @ 162
Event: 1.408 Thread 0x00007f379000b000 Uncommon trap: reason=unstable_if action=reinterpret pc=0x00007f3781469e54 method=com.android.dx.merge.IndexMap.adjustString(I)I @ 2
Event: 1.452 Thread 0x00007f379000b000 Uncommon trap: reason=predicate action=maybe_recompile pc=0x00007f37814aef18 method=com.android.dex.Leb128.readUnsignedLeb128(Lcom/android/dex/util/ByteInput;)I @ 41
Event: 1.487 Thread 0x00007f379000b000 Uncommon trap: reason=unstable_if action=reinterpret pc=0x00007f37814b27a0 method=com.android.dex.FieldId.compareTo(Lcom/android/dex/FieldId;)I @ 8
Event: 1.586 Thread 0x00007f379000b000 Uncommon trap: reason=unstable_if action=reinterpret pc=0x00007f37814afed4 method=com.android.dex.FieldId.compareTo(Lcom/android/dex/FieldId;)I @ 8
Event: 2.112 Thread 0x00007f379000b000 Uncommon trap: reason=unstable_if action=reinterpret pc=0x00007f37815e20c0 method=java.util.HashMap.resize()[Ljava/util/HashMap$Node; @ 206
Event: 2.113 Thread 0x00007f379000b000 Uncommon trap: reason=unstable_if action=reinterpret pc=0x00007f37815caef8 method=java.util.HashMap.resize()[Ljava/util/HashMap$Node; @ 206

Internal exceptions (6 events):
Event: 0.051 Thread 0x00007f379000b000 Exception <a 'java/lang/NoSuchMethodError': Method sun.misc.Unsafe.defineClass(Ljava/lang/String;[BII)Ljava/lang/Class; name or signature does not match> (0x00000000eab12ba8) thrown at [/build/openjdk-8-aAuh2m/openjdk-8-8u66-b17/src/hotspot/src/share/vm/p
Event: 0.051 Thread 0x00007f379000b000 Exception <a 'java/lang/NoSuchMethodError': Method sun.misc.Unsafe.prefetchRead(Ljava/lang/Object;J)V name or signature does not match> (0x00000000eab12e90) thrown at [/build/openjdk-8-aAuh2m/openjdk-8-8u66-b17/src/hotspot/src/share/vm/prims/jni.cpp, line
Event: 0.101 Thread 0x00007f379000b000 Exception <a 'java/util/zip/ZipException'> (0x00000000eab50218) thrown at [/build/openjdk-8-aAuh2m/openjdk-8-8u66-b17/src/hotspot/src/share/vm/prims/jni.cpp, line 709]
Event: 0.101 Thread 0x00007f379000b000 Exception <a 'java/security/PrivilegedActionException'> (0x00000000eab504b8) thrown at [/build/openjdk-8-aAuh2m/openjdk-8-8u66-b17/src/hotspot/src/share/vm/prims/jvm.cpp, line 1386]
Event: 0.101 Thread 0x00007f379000b000 Exception <a 'java/security/PrivilegedActionException'> (0x00000000eab506c8) thrown at [/build/openjdk-8-aAuh2m/openjdk-8-8u66-b17/src/hotspot/src/share/vm/prims/jvm.cpp, line 1386]
Event: 0.796 Thread 0x00007f37901a9800 Implicit null exception at 0x00007f37812c7c22 to 0x00007f37812c7d1b

Events (10 events):
Event: 2.270 Executing VM operation: ParallelGCFailedAllocation done
Event: 2.306 Thread 0x00007f379000b000 DEOPT PACKING pc=0x00007f37815f8e01 sp=0x00007f37992ed4c0
Event: 2.306 Thread 0x00007f379000b000 DEOPT UNPACKING pc=0x00007f3781047373 sp=0x00007f37992ed1c8 mode 0
Event: 2.550 Thread 0x00007f379000b000 DEOPT PACKING pc=0x00007f37815f8e50 sp=0x00007f37992ed4c0
Event: 2.550 Thread 0x00007f379000b000 DEOPT UNPACKING pc=0x00007f3781047373 sp=0x00007f37992ed1d0 mode 0
Event: 2.560 Thread 0x00007f379000b000 DEOPT PACKING pc=0x00007f37815f8e50 sp=0x00007f37992ed490
Event: 2.560 Thread 0x00007f379000b000 DEOPT UNPACKING pc=0x00007f3781047373 sp=0x00007f37992ed1a0 mode 0
Event: 2.561 Thread 0x00007f379000b000 DEOPT PACKING pc=0x00007f37815f8e50 sp=0x00007f37992ed380
Event: 2.561 Thread 0x00007f379000b000 DEOPT UNPACKING pc=0x00007f3781047373 sp=0x00007f37992ed090 mode 0
Event: 2.658 Executing VM operation: ParallelGCFailedAllocation


Dynamic libraries:
00400000-00401000 r-xp 00000000 08:02 1181924                            /usr/lib/jvm/java-8-openjdk-amd64/jre/bin/java
00600000-00601000 r--p 00000000 08:02 1181924                            /usr/lib/jvm/java-8-openjdk-amd64/jre/bin/java
00601000-00602000 rw-p 00001000 08:02 1181924                            /usr/lib/jvm/java-8-openjdk-amd64/jre/bin/java
018b6000-018d7000 rw-p 00000000 00:00 0                                  [heap]
c0000000-c5300000 rw-p 00000000 00:00 0 
c5300000-eab00000 ---p 00000000 00:00 0 
eab00000-f3100000 rw-p 00000000 00:00 0 
fd000000-100000000 ---p 00000000 00:00 0 
100000000-1000c0000 rw-p 00000000 00:00 0 
1000c0000-140000000 ---p 00000000 00:00 0 
7f372c000000-7f372c023000 rw-p 00000000 00:00 0 
7f372c023000-7f3730000000 ---p 00000000 00:00 0 
7f3734000000-7f3734021000 rw-p 00000000 00:00 0 
7f3734021000-7f3738000000 ---p 00000000 00:00 0 
7f3738000000-7f3738036000 rw-p 00000000 00:00 0 
7f3738036000-7f373c000000 ---p 00000000 00:00 0 
7f373c000000-7f373c050000 rw-p 00000000 00:00 0 
7f373c050000-7f3740000000 ---p 00000000 00:00 0 
7f3740000000-7f3740021000 rw-p 00000000 00:00 0 
7f3740021000-7f3744000000 ---p 00000000 00:00 0 
7f3744000000-7f3744021000 rw-p 00000000 00:00 0 
7f3744021000-7f3748000000 ---p 00000000 00:00 0 
7f3748000000-7f3748021000 rw-p 00000000 00:00 0 
7f3748021000-7f374c000000 ---p 00000000 00:00 0 
7f374c000000-7f374c640000 rw-p 00000000 00:00 0 
7f374c640000-7f3750000000 ---p 00000000 00:00 0 
7f3750000000-7f3750400000 rw-p 00000000 00:00 0 
7f3750400000-7f3754000000 ---p 00000000 00:00 0 
7f3754000000-7f3754021000 rw-p 00000000 00:00 0 
7f3754021000-7f3758000000 ---p 00000000 00:00 0 
7f3758000000-7f37587ae000 rw-p 00000000 00:00 0 
7f37587ae000-7f375c000000 ---p 00000000 00:00 0 
7f375c000000-7f375c021000 rw-p 00000000 00:00 0 
7f375c021000-7f3760000000 ---p 00000000 00:00 0 
7f3760000000-7f3760021000 rw-p 00000000 00:00 0 
7f3760021000-7f3764000000 ---p 00000000 00:00 0 
7f3764000000-7f3764021000 rw-p 00000000 00:00 0 
7f3764021000-7f3768000000 ---p 00000000 00:00 0 
7f3768000000-7f3768021000 rw-p 00000000 00:00 0 
7f3768021000-7f376c000000 ---p 00000000 00:00 0 
7f376c000000-7f376c021000 rw-p 00000000 00:00 0 
7f376c021000-7f3770000000 ---p 00000000 00:00 0 
7f3774000000-7f3774021000 rw-p 00000000 00:00 0 
7f3774021000-7f3778000000 ---p 00000000 00:00 0 
7f3779015000-7f3779018000 ---p 00000000 00:00 0 
7f3779018000-7f3779116000 rw-p 00000000 00:00 0 
7f3779116000-7f3779119000 ---p 00000000 00:00 0 
7f3779119000-7f3779217000 rw-p 00000000 00:00 0 
7f3779217000-7f377921a000 ---p 00000000 00:00 0 
7f377921a000-7f3779318000 rw-p 00000000 00:00 0 
7f3779318000-7f377931b000 ---p 00000000 00:00 0 
7f377931b000-7f3779419000 rw-p 00000000 00:00 0 
7f3779419000-7f377941c000 ---p 00000000 00:00 0 
7f377941c000-7f377951a000 rw-p 00000000 00:00 0 
7f377951a000-7f377951b000 ---p 00000000 00:00 0 
7f377951b000-7f377961b000 rw-p 00000000 00:00 0                          [stack:26228]
7f377961b000-7f377961e000 ---p 00000000 00:00 0 
7f377961e000-7f377971c000 rw-p 00000000 00:00 0                          [stack:26227]
7f377971c000-7f377971f000 ---p 00000000 00:00 0 
7f377971f000-7f377981d000 rw-p 00000000 00:00 0                          [stack:26226]
7f377981d000-7f3779820000 ---p 00000000 00:00 0 
7f3779820000-7f377991e000 rw-p 00000000 00:00 0                          [stack:26225]
7f377991e000-7f377a000000 r--p 00000000 08:02 1188060                    /usr/lib/locale/locale-archive
7f377a000000-7f377c000000 rw-p 00000000 00:00 0 
7f377c000000-7f377c021000 rw-p 00000000 00:00 0 
7f377c021000-7f3780000000 ---p 00000000 00:00 0 
7f378000c000-7f3780011000 r--s 00096000 08:02 1182009                    /usr/lib/jvm/java-8-openjdk-amd64/jre/lib/jsse.jar
7f3780011000-7f3780020000 r--s 000df000 00:30 8652054                    /home/tysovsky/Android/AndroidSDK/build-tools/23.0.1/lib/dx.jar
7f3780020000-7f3780022000 r--s 00007000 08:02 1596822                    /usr/share/java/java-atk-wrapper.jar
7f3780022000-7f378003d000 r--s 001d4000 08:02 1181959                    /usr/lib/jvm/java-8-openjdk-amd64/jre/lib/ext/nashorn.jar
7f378003d000-7f3780047000 r--s 00116000 08:02 1181952                    /usr/lib/jvm/java-8-openjdk-amd64/jre/lib/ext/localedata.jar
7f3780047000-7f3780063000 r--s 00393000 08:02 1181950                    /usr/lib/jvm/java-8-openjdk-amd64/jre/lib/ext/cldrdata.jar
7f3780063000-7f3780067000 r--s 00037000 08:02 1181956                    /usr/lib/jvm/java-8-openjdk-amd64/jre/lib/ext/sunpkcs11.jar
7f3780067000-7f378006d000 r--s 0003a000 08:02 1181955                    /usr/lib/jvm/java-8-openjdk-amd64/jre/lib/ext/sunjce_provider.jar
7f378006d000-7f3780070000 ---p 00000000 00:00 0 
7f3780070000-7f378016e000 rw-p 00000000 00:00 0                          [stack:26224]
7f378016e000-7f3780171000 ---p 00000000 00:00 0 
7f3780171000-7f378026f000 rw-p 00000000 00:00 0                          [stack:26223]
7f378026f000-7f3780272000 ---p 00000000 00:00 0 
7f3780272000-7f3780370000 rw-p 00000000 00:00 0                          [stack:26222]
7f3780370000-7f3780373000 ---p 00000000 00:00 0 
7f3780373000-7f3780471000 rw-p 00000000 00:00 0                          [stack:26221]
7f3780471000-7f3780472000 ---p 00000000 00:00 0 
7f3780472000-7f3781000000 rw-p 00000000 00:00 0                          [stack:26220]
7f3781000000-7f3781650000 rwxp 00000000 00:00 0 
7f3781650000-7f3790000000 ---p 00000000 00:00 0 
7f3790000000-7f3790220000 rw-p 00000000 00:00 0 
7f3790220000-7f3794000000 ---p 00000000 00:00 0 
7f3794000000-7f3794526000 rw-p 00000000 00:00 0 
7f3794526000-7f37946f3000 r--s 03be8000 08:02 1181961                    /usr/lib/jvm/java-8-openjdk-amd64/jre/lib/rt.jar
7f37946f3000-7f3794e69000 rw-p 00000000 00:00 0 
7f3794e69000-7f3794f69000 ---p 00000000 00:00 0 
7f3794f69000-7f3795169000 rw-p 00000000 00:00 0 
7f3795169000-7f379516a000 ---p 00000000 00:00 0 
7f379516a000-7f379526a000 rw-p 00000000 00:00 0                          [stack:26219]
7f379526a000-7f379526b000 ---p 00000000 00:00 0 
7f379526b000-7f379536b000 rw-p 00000000 00:00 0                          [stack:26218]
7f379536b000-7f379536c000 ---p 00000000 00:00 0 
7f379536c000-7f379546c000 rw-p 00000000 00:00 0                          [stack:26217]
7f379546c000-7f379546d000 ---p 00000000 00:00 0 
7f379546d000-7f3795597000 rw-p 00000000 00:00 0                          [stack:26216]
7f3795597000-7f37956c3000 ---p 00000000 00:00 0 
7f37956c3000-7f37956ed000 rw-p 00000000 00:00 0 
7f37956ed000-7f3795818000 ---p 00000000 00:00 0 
7f3795818000-7f379585c000 rw-p 00000000 00:00 0 
7f379585c000-7f37958c3000 ---p 00000000 00:00 0 
7f37958c3000-7f37958de000 rw-p 00000000 00:00 0 
7f37958de000-7f3795c84000 ---p 00000000 00:00 0 
7f3795c84000-7f3795c8c000 r-xp 00000000 08:02 1181971                    /usr/lib/jvm/java-8-openjdk-amd64/jre/lib/amd64/libzip.so
7f3795c8c000-7f3795e8b000 ---p 00008000 08:02 1181971                    /usr/lib/jvm/java-8-openjdk-amd64/jre/lib/amd64/libzip.so
7f3795e8b000-7f3795e8c000 r--p 00007000 08:02 1181971                    /usr/lib/jvm/java-8-openjdk-amd64/jre/lib/amd64/libzip.so
7f3795e8c000-7f3795e8d000 rw-p 00008000 08:02 1181971                    /usr/lib/jvm/java-8-openjdk-amd64/jre/lib/amd64/libzip.so
7f3795e8d000-7f3795e99000 r-xp 00000000 08:02 2757093                    /lib/x86_64-linux-gnu/libnss_files-2.21.so
7f3795e99000-7f3796098000 ---p 0000c000 08:02 2757093                    /lib/x86_64-linux-gnu/libnss_files-2.21.so
7f3796098000-7f3796099000 r--p 0000b000 08:02 2757093                    /lib/x86_64-linux-gnu/libnss_files-2.21.so
7f3796099000-7f379609a000 rw-p 0000c000 08:02 2757093                    /lib/x86_64-linux-gnu/libnss_files-2.21.so
7f379609a000-7f37960a5000 r-xp 00000000 08:02 2757104                    /lib/x86_64-linux-gnu/libnss_nis-2.21.so
7f37960a5000-7f37962a4000 ---p 0000b000 08:02 2757104                    /lib/x86_64-linux-gnu/libnss_nis-2.21.so
7f37962a4000-7f37962a5000 r--p 0000a000 08:02 2757104                    /lib/x86_64-linux-gnu/libnss_nis-2.21.so
7f37962a5000-7f37962a6000 rw-p 0000b000 08:02 2757104                    /lib/x86_64-linux-gnu/libnss_nis-2.21.so
7f37962a6000-7f37962bd000 r-xp 00000000 08:02 2757087                    /lib/x86_64-linux-gnu/libnsl-2.21.so
7f37962bd000-7f37964bc000 ---p 00017000 08:02 2757087                    /lib/x86_64-linux-gnu/libnsl-2.21.so
7f37964bc000-7f37964bd000 r--p 00016000 08:02 2757087                    /lib/x86_64-linux-gnu/libnsl-2.21.so
7f37964bd000-7f37964be000 rw-p 00017000 08:02 2757087                    /lib/x86_64-linux-gnu/libnsl-2.21.so
7f37964be000-7f37964c0000 rw-p 00000000 00:00 0 
7f37964c0000-7f37964c8000 r-xp 00000000 08:02 2757089                    /lib/x86_64-linux-gnu/libnss_compat-2.21.so
7f37964c8000-7f37966c7000 ---p 00008000 08:02 2757089                    /lib/x86_64-linux-gnu/libnss_compat-2.21.so
7f37966c7000-7f37966c8000 r--p 00007000 08:02 2757089                    /lib/x86_64-linux-gnu/libnss_compat-2.21.so
7f37966c8000-7f37966c9000 rw-p 00008000 08:02 2757089                    /lib/x86_64-linux-gnu/libnss_compat-2.21.so
7f37966c9000-7f37966f6000 r-xp 00000000 08:02 1181980                    /usr/lib/jvm/java-8-openjdk-amd64/jre/lib/amd64/libjava.so
7f37966f6000-7f37968f5000 ---p 0002d000 08:02 1181980                    /usr/lib/jvm/java-8-openjdk-amd64/jre/lib/amd64/libjava.so
7f37968f5000-7f37968f6000 r--p 0002c000 08:02 1181980                    /usr/lib/jvm/java-8-openjdk-amd64/jre/lib/amd64/libjava.so
7f37968f6000-7f37968f8000 rw-p 0002d000 08:02 1181980                    /usr/lib/jvm/java-8-openjdk-amd64/jre/lib/amd64/libjava.so
7f37968f8000-7f3796907000 r-xp 00000000 08:02 1181993                    /usr/lib/jvm/java-8-openjdk-amd64/jre/lib/amd64/libverify.so
7f3796907000-7f3796b06000 ---p 0000f000 08:02 1181993                    /usr/lib/jvm/java-8-openjdk-amd64/jre/lib/amd64/libverify.so
7f3796b06000-7f3796b08000 r--p 0000e000 08:02 1181993                    /usr/lib/jvm/java-8-openjdk-amd64/jre/lib/amd64/libverify.so
7f3796b08000-7f3796b09000 rw-p 00010000 08:02 1181993                    /usr/lib/jvm/java-8-openjdk-amd64/jre/lib/amd64/libverify.so
7f3796b09000-7f3796b10000 r-xp 00000000 08:02 2757149                    /lib/x86_64-linux-gnu/librt-2.21.so
7f3796b10000-7f3796d0f000 ---p 00007000 08:02 2757149                    /lib/x86_64-linux-gnu/librt-2.21.so
7f3796d0f000-7f3796d10000 r--p 00006000 08:02 2757149                    /lib/x86_64-linux-gnu/librt-2.21.so
7f3796d10000-7f3796d11000 rw-p 00007000 08:02 2757149                    /lib/x86_64-linux-gnu/librt-2.21.so
7f3796d11000-7f3796d27000 r-xp 00000000 08:02 2756948                    /lib/x86_64-linux-gnu/libgcc_s.so.1
7f3796d27000-7f3796f26000 ---p 00016000 08:02 2756948                    /lib/x86_64-linux-gnu/libgcc_s.so.1
7f3796f26000-7f3796f27000 r--p 00015000 08:02 2756948                    /lib/x86_64-linux-gnu/libgcc_s.so.1
7f3796f27000-7f3796f28000 rw-p 00016000 08:02 2756948                    /lib/x86_64-linux-gnu/libgcc_s.so.1
7f3796f28000-7f379702f000 r-xp 00000000 08:02 2757066                    /lib/x86_64-linux-gnu/libm-2.21.so
7f379702f000-7f379722e000 ---p 00107000 08:02 2757066                    /lib/x86_64-linux-gnu/libm-2.21.so
7f379722e000-7f379722f000 r--p 00106000 08:02 2757066                    /lib/x86_64-linux-gnu/libm-2.21.so
7f379722f000-7f3797230000 rw-p 00107000 08:02 2757066                    /lib/x86_64-linux-gnu/libm-2.21.so
7f3797230000-7f37973a3000 r-xp 00000000 08:02 1184998                    /usr/lib/x86_64-linux-gnu/libstdc++.so.6.0.21
7f37973a3000-7f37975a2000 ---p 00173000 08:02 1184998                    /usr/lib/x86_64-linux-gnu/libstdc++.so.6.0.21
7f37975a2000-7f37975ac000 r--p 00172000 08:02 1184998                    /usr/lib/x86_64-linux-gnu/libstdc++.so.6.0.21
7f37975ac000-7f37975ae000 rw-p 0017c000 08:02 1184998                    /usr/lib/x86_64-linux-gnu/libstdc++.so.6.0.21
7f37975ae000-7f37975b2000 rw-p 00000000 00:00 0 
7f37975b2000-7f37981f7000 r-xp 00000000 08:02 1181987                    /usr/lib/jvm/java-8-openjdk-amd64/jre/lib/amd64/server/libjvm.so
7f37981f7000-7f37983f6000 ---p 00c45000 08:02 1181987                    /usr/lib/jvm/java-8-openjdk-amd64/jre/lib/amd64/server/libjvm.so
7f37983f6000-7f3798489000 r--p 00c44000 08:02 1181987                    /usr/lib/jvm/java-8-openjdk-amd64/jre/lib/amd64/server/libjvm.so
7f3798489000-7f37984b1000 rw-p 00cd7000 08:02 1181987                    /usr/lib/jvm/java-8-openjdk-amd64/jre/lib/amd64/server/libjvm.so
7f37984b1000-7f37984e0000 rw-p 00000000 00:00 0 
7f37984e0000-7f37984f8000 r-xp 00000000 08:02 2757141                    /lib/x86_64-linux-gnu/libpthread-2.21.so
7f37984f8000-7f37986f8000 ---p 00018000 08:02 2757141                    /lib/x86_64-linux-gnu/libpthread-2.21.so
7f37986f8000-7f37986f9000 r--p 00018000 08:02 2757141                    /lib/x86_64-linux-gnu/libpthread-2.21.so
7f37986f9000-7f37986fa000 rw-p 00019000 08:02 2757141                    /lib/x86_64-linux-gnu/libpthread-2.21.so
7f37986fa000-7f37986fe000 rw-p 00000000 00:00 0 
7f37986fe000-7f3798701000 r-xp 00000000 08:02 2757025                    /lib/x86_64-linux-gnu/libdl-2.21.so
7f3798701000-7f3798900000 ---p 00003000 08:02 2757025                    /lib/x86_64-linux-gnu/libdl-2.21.so
7f3798900000-7f3798901000 r--p 00002000 08:02 2757025                    /lib/x86_64-linux-gnu/libdl-2.21.so
7f3798901000-7f3798902000 rw-p 00003000 08:02 2757025                    /lib/x86_64-linux-gnu/libdl-2.21.so
7f3798902000-7f379891b000 r-xp 00000000 08:02 2752595                    /lib/x86_64-linux-gnu/libz.so.1.2.8
7f379891b000-7f3798b1a000 ---p 00019000 08:02 2752595                    /lib/x86_64-linux-gnu/libz.so.1.2.8
7f3798b1a000-7f3798b1b000 r--p 00018000 08:02 2752595                    /lib/x86_64-linux-gnu/libz.so.1.2.8
7f3798b1b000-7f3798b1c000 rw-p 00019000 08:02 2752595                    /lib/x86_64-linux-gnu/libz.so.1.2.8
7f3798b1c000-7f3798cdc000 r-xp 00000000 08:02 2757010                    /lib/x86_64-linux-gnu/libc-2.21.so
7f3798cdc000-7f3798edc000 ---p 001c0000 08:02 2757010                    /lib/x86_64-linux-gnu/libc-2.21.so
7f3798edc000-7f3798ee0000 r--p 001c0000 08:02 2757010                    /lib/x86_64-linux-gnu/libc-2.21.so
7f3798ee0000-7f3798ee2000 rw-p 001c4000 08:02 2757010                    /lib/x86_64-linux-gnu/libc-2.21.so
7f3798ee2000-7f3798ee6000 rw-p 00000000 00:00 0 
7f3798ee6000-7f3798ef3000 r-xp 00000000 08:02 1181994                    /usr/lib/jvm/java-8-openjdk-amd64/jre/lib/amd64/jli/libjli.so
7f3798ef3000-7f37990f3000 ---p 0000d000 08:02 1181994                    /usr/lib/jvm/java-8-openjdk-amd64/jre/lib/amd64/jli/libjli.so
7f37990f3000-7f37990f4000 r--p 0000d000 08:02 1181994                    /usr/lib/jvm/java-8-openjdk-amd64/jre/lib/amd64/jli/libjli.so
7f37990f4000-7f37990f5000 rw-p 0000e000 08:02 1181994                    /usr/lib/jvm/java-8-openjdk-amd64/jre/lib/amd64/jli/libjli.so
7f37990f5000-7f3799119000 r-xp 00000000 08:02 2756982                    /lib/x86_64-linux-gnu/ld-2.21.so
7f3799119000-7f379911a000 rw-p 00000000 00:00 0 
7f379911a000-7f379911b000 r--s 00010000 08:02 1181951                    /usr/lib/jvm/java-8-openjdk-amd64/jre/lib/ext/zipfs.jar
7f379911b000-7f379911c000 r--s 0000a000 08:02 1181954                    /usr/lib/jvm/java-8-openjdk-amd64/jre/lib/ext/jaccess.jar
7f379911c000-7f379911e000 r--s 00001000 08:02 1181957                    /usr/lib/jvm/java-8-openjdk-amd64/jre/lib/ext/dnsns.jar
7f379911e000-7f37991ee000 rw-p 00000000 00:00 0 
7f37991ee000-7f37991f1000 ---p 00000000 00:00 0 
7f37991f1000-7f37992f4000 rw-p 00000000 00:00 0                          [stack:26215]
7f37992f4000-7f37992f5000 r--s 00008000 08:02 1181958                    /usr/lib/jvm/java-8-openjdk-amd64/jre/lib/ext/sunec.jar
7f37992f5000-7f37992f8000 r--s 0000f000 08:02 1181953                    /usr/lib/jvm/java-8-openjdk-amd64/jre/lib/ext/icedtea-sound.jar
7f37992f8000-7f379930c000 rw-p 00000000 00:00 0 
7f379930c000-7f3799314000 rw-s 00000000 08:02 2509693                    /tmp/hsperfdata_tysovsky/26211
7f3799314000-7f3799315000 rw-p 00000000 00:00 0 
7f3799315000-7f3799316000 ---p 00000000 00:00 0 
7f3799316000-7f3799318000 rw-p 00000000 00:00 0 
7f3799318000-7f3799319000 r--p 00023000 08:02 2756982                    /lib/x86_64-linux-gnu/ld-2.21.so
7f3799319000-7f379931a000 rw-p 00024000 08:02 2756982                    /lib/x86_64-linux-gnu/ld-2.21.so
7f379931a000-7f379931b000 rw-p 00000000 00:00 0 
7ffcb9f8e000-7ffcb9faf000 rw-p 00000000 00:00 0                          [stack]
7ffcb9fc3000-7ffcb9fc5000 r--p 00000000 00:00 0                          [vvar]
7ffcb9fc5000-7ffcb9fc7000 r-xp 00000000 00:00 0                          [vdso]
ffffffffff600000-ffffffffff601000 r-xp 00000000 00:00 0                  [vsyscall]

VM Arguments:
jvm_args: -Xmx1024M -Dfile.encoding=UTF-8 -Duser.country=US -Duser.language=en -Duser.variant 
java_command: com.android.dx.command.Main --dex --num-threads=4 --output /home/tysovsky/Documents/Cryptem/SkyPlayer/app/build/intermediates/dex/debug /home/tysovsky/Documents/Cryptem/SkyPlayer/app/build/intermediates/classes/debug /home/tysovsky/Documents/Cryptem/SkyPlayer/app/build/intermediates/pre-dexed/debug/classes-3e757a110dfc7ff7aea262bee5d4ee7bd2f59991.jar /home/tysovsky/Documents/Cryptem/SkyPlayer/app/build/intermediates/pre-dexed/debug/support-annotations-23.1.1-6b165dea88bed607f6171088d09c8c6d04643c5b.jar /home/tysovsky/Documents/Cryptem/SkyPlayer/app/build/intermediates/pre-dexed/debug/classes-e973987643927724b518e7c4e3dba449f73a05e0.jar /home/tysovsky/Documents/Cryptem/SkyPlayer/app/build/intermediates/pre-dexed/debug/classes-b1c668f3586999b43524714d93716ddc31043293.jar /home/tysovsky/Documents/Cryptem/SkyPlayer/app/build/intermediates/pre-dexed/debug/classes-dec4021679d146ddb68da1713540bb4657604ac3.jar /home/tysovsky/Documents/Cryptem/SkyPlayer/app/build/intermediates/pre-dexed/debug/classes-47d9c9924597d591cf8f806d4e3f874c59cef43e.jar /home/tysovsky/Documents/Cryptem/SkyPlayer/app/build/intermediates/pre-dexed/debug/classes-50d2bbb1c9a1131183ee07f747b0b3dde24fe484.jar /home/tysovsky/Documents/Cryptem/SkyPlayer/app/build/intermediates/pre-dexed/debug/classes-d142865baca6e3a4ba5bc129700bd0113ac4794c.jar /home/tysovsky/Documents/Cryptem/SkyPlayer/app/build/intermediates/pre-dexed/debug/library-2.4.0-0c3989ba5b0729d67522b11846f4c596f9da723d.jar /home/tysovsky/Documents/Cryptem/SkyPlayer/app/build/intermediates/pre-dexed/debug/classes-61b2d49dd521dc93992086923bc873db5e036110.jar /home/tysovsky/Documents/Cryptem/SkyPlayer/app/build/intermediates/pre-dexed/debug/internal_impl-23.1.1-dfd1a2a5c360772681e2b123dfef737a5ea5f693.jar /home/tysovsky/Documents/Cryptem/SkyPlayer/app/build/intermediates/pre-dexed/debug/classes-5e0c2b04edc4d13b09527cd5ea4c6bb682b546c8.jar /home/tysovsky/Documents/Cryptem/SkyPlayer/app/build/intermediates/pre-dexed/debug/classes-322adc
java_class_path (initial): /home/tysovsky/Android/AndroidSDK/build-tools/23.0.1/lib/dx.jar
Launcher Type: SUN_STANDARD

Environment Variables:
PATH=/usr/local/sbin:/usr/local/bin:/usr/sbin:/usr/bin:/sbin:/bin:/usr/games:/usr/local/games
USERNAME=tysovsky
LD_LIBRARY_PATH=/home/tysovsky/Android/AndroidStudio/bin:
SHELL=/bin/bash
DISPLAY=:1

Signal Handlers:
SIGSEGV: [libjvm.so+0xa5d4d0], sa_mask[0]=11111111011111111101111111111110, sa_flags=SA_RESTART|SA_SIGINFO
SIGBUS: [libjvm.so+0xa5d4d0], sa_mask[0]=11111111011111111101111111111110, sa_flags=SA_RESTART|SA_SIGINFO
SIGFPE: [libjvm.so+0x8a9210], sa_mask[0]=11111111011111111101111111111110, sa_flags=SA_RESTART|SA_SIGINFO
SIGPIPE: [libjvm.so+0x8a9210], sa_mask[0]=11111111011111111101111111111110, sa_flags=SA_RESTART|SA_SIGINFO
SIGXFSZ: [libjvm.so+0x8a9210], sa_mask[0]=11111111011111111101111111111110, sa_flags=SA_RESTART|SA_SIGINFO
SIGILL: [libjvm.so+0x8a9210], sa_mask[0]=11111111011111111101111111111110, sa_flags=SA_RESTART|SA_SIGINFO
SIGUSR1: SIG_DFL, sa_mask[0]=00000000000000000000000000000000, sa_flags=none
SIGUSR2: [libjvm.so+0x8a90c0], sa_mask[0]=00100000000000000000000000000000, sa_flags=SA_RESTART|SA_SIGINFO
SIGHUP: [libjvm.so+0x8a9590], sa_mask[0]=11111111011111111101111111111110, sa_flags=SA_RESTART|SA_SIGINFO
SIGINT: [libjvm.so+0x8a9590], sa_mask[0]=11111111011111111101111111111110, sa_flags=SA_RESTART|SA_SIGINFO
SIGTERM: [libjvm.so+0x8a9590], sa_mask[0]=11111111011111111101111111111110, sa_flags=SA_RESTART|SA_SIGINFO
SIGQUIT: [libjvm.so+0x8a9590], sa_mask[0]=11111111011111111101111111111110, sa_flags=SA_RESTART|SA_SIGINFO


---------------  S Y S T E M  ---------------

OS:DISTRIB_ID=Ubuntu
DISTRIB_RELEASE=15.10
DISTRIB_CODENAME=wily
DISTRIB_DESCRIPTION="Ubuntu 15.10"

uname:Linux 4.2.0-18-generic #22-Ubuntu SMP Fri Nov 6 18:25:50 UTC 2015 x86_64
libc:glibc 2.21 NPTL 2.21 
rlimit: STACK 8192k, CORE 0k, NPROC 30078, NOFILE 65536, AS infinity
load average:5.74 4.11 2.97

/proc/meminfo:
MemTotal:        8078548 kB
MemFree:           52528 kB
MemAvailable:     101000 kB
Buffers:            1280 kB
Cached:           556916 kB
SwapCached:         5692 kB
Active:          6542504 kB
Inactive:        1238084 kB
Active(anon):    6527060 kB
Inactive(anon):  1222204 kB
Active(file):      15444 kB
Inactive(file):    15880 kB
Unevictable:          16 kB
Mlocked:              16 kB
SwapTotal:       1952252 kB
SwapFree:              0 kB
Dirty:               596 kB
Writeback:             0 kB
AnonPages:       7217796 kB
Mapped:           283720 kB
Shmem:            526468 kB
Slab:             121280 kB
SReclaimable:      59472 kB
SUnreclaim:        61808 kB
KernelStack:       11584 kB
PageTables:        56660 kB
NFS_Unstable:          0 kB
Bounce:                0 kB
WritebackTmp:          0 kB
CommitLimit:     5991524 kB
Committed_AS:   12326272 kB
VmallocTotal:   34359738367 kB
VmallocUsed:      382168 kB
VmallocChunk:   34358947836 kB
HardwareCorrupted:     0 kB
AnonHugePages:   1777664 kB
CmaTotal:              0 kB
CmaFree:               0 kB
HugePages_Total:       0
HugePages_Free:        0
HugePages_Rsvd:        0
HugePages_Surp:        0
Hugepagesize:       2048 kB
DirectMap4k:      191656 kB
DirectMap2M:     8099840 kB
DirectMap1G:     1048576 kB


CPU:total 4 (2 cores per cpu, 2 threads per core) family 6 model 61 stepping 4, cmov, cx8, fxsr, mmx, sse, sse2, sse3, ssse3, sse4.1, sse4.2, popcnt, avx, avx2, aes, clmul, erms, 3dnowpref, lzcnt, ht, tsc, tscinvbit, bmi1, bmi2, adx

/proc/cpuinfo:
processor	: 0
vendor_id	: GenuineIntel
cpu family	: 6
model		: 61
model name	: Intel(R) Core(TM) i5-5200U CPU @ 2.20GHz
stepping	: 4
microcode	: 0x1f
cpu MHz		: 2499.406
cache size	: 3072 KB
physical id	: 0
siblings	: 4
core id		: 0
cpu cores	: 2
apicid		: 0
initial apicid	: 0
fpu		: yes
fpu_exception	: yes
cpuid level	: 20
wp		: yes
flags		: fpu vme de pse tsc msr pae mce cx8 apic sep mtrr pge mca cmov pat pse36 clflush dts acpi mmx fxsr sse sse2 ss ht tm pbe syscall nx pdpe1gb rdtscp lm constant_tsc arch_perfmon pebs bts rep_good nopl xtopology nonstop_tsc aperfmperf eagerfpu pni pclmulqdq dtes64 monitor ds_cpl vmx est tm2 ssse3 fma cx16 xtpr pdcm pcid sse4_1 sse4_2 x2apic movbe popcnt tsc_deadline_timer aes xsave avx f16c rdrand lahf_lm abm 3dnowprefetch ida arat epb pln pts dtherm intel_pt tpr_shadow vnmi flexpriority ept vpid fsgsbase tsc_adjust bmi1 avx2 smep bmi2 erms invpcid rdseed adx smap xsaveopt
bugs		:
bogomips	: 4389.50
clflush size	: 64
cache_alignment	: 64
address sizes	: 39 bits physical, 48 bits virtual
power management:

processor	: 1
vendor_id	: GenuineIntel
cpu family	: 6
model		: 61
model name	: Intel(R) Core(TM) i5-5200U CPU @ 2.20GHz
stepping	: 4
microcode	: 0x1f
cpu MHz		: 2535.843
cache size	: 3072 KB
physical id	: 0
siblings	: 4
core id		: 1
cpu cores	: 2
apicid		: 2
initial apicid	: 2
fpu		: yes
fpu_exception	: yes
cpuid level	: 20
wp		: yes
flags		: fpu vme de pse tsc msr pae mce cx8 apic sep mtrr pge mca cmov pat pse36 clflush dts acpi mmx fxsr sse sse2 ss ht tm pbe syscall nx pdpe1gb rdtscp lm constant_tsc arch_perfmon pebs bts rep_good nopl xtopology nonstop_tsc aperfmperf eagerfpu pni pclmulqdq dtes64 monitor ds_cpl vmx est tm2 ssse3 fma cx16 xtpr pdcm pcid sse4_1 sse4_2 x2apic movbe popcnt tsc_deadline_timer aes xsave avx f16c rdrand lahf_lm abm 3dnowprefetch ida arat epb pln pts dtherm intel_pt tpr_shadow vnmi flexpriority ept vpid fsgsbase tsc_adjust bmi1 avx2 smep bmi2 erms invpcid rdseed adx smap xsaveopt
bugs		:
bogomips	: 4389.50
clflush size	: 64
cache_alignment	: 64
address sizes	: 39 bits physical, 48 bits virtual
power management:

processor	: 2
vendor_id	: GenuineIntel
cpu family	: 6
model		: 61
model name	: Intel(R) Core(TM) i5-5200U CPU @ 2.20GHz
stepping	: 4
microcode	: 0x1f
cpu MHz		: 2407.710
cache size	: 3072 KB
physical id	: 0
siblings	: 4
core id		: 0
cpu cores	: 2
apicid		: 1
initial apicid	: 1
fpu		: yes
fpu_exception	: yes
cpuid level	: 20
wp		: yes
flags		: fpu vme de pse tsc msr pae mce cx8 apic sep mtrr pge mca cmov pat pse36 clflush dts acpi mmx fxsr sse sse2 ss ht tm pbe syscall nx pdpe1gb rdtscp lm constant_tsc arch_perfmon pebs bts rep_good nopl xtopology nonstop_tsc aperfmperf eagerfpu pni pclmulqdq dtes64 monitor ds_cpl vmx est tm2 ssse3 fma cx16 xtpr pdcm pcid sse4_1 sse4_2 x2apic movbe popcnt tsc_deadline_timer aes xsave avx f16c rdrand lahf_lm abm 3dnowprefetch ida arat epb pln pts dtherm intel_pt tpr_shadow vnmi flexpriority ept vpid fsgsbase tsc_adjust bmi1 avx2 smep bmi2 erms invpcid rdseed adx smap xsaveopt
bugs		:
bogomips	: 4389.50
clflush size	: 64
cache_alignment	: 64
address sizes	: 39 bits physical, 48 bits virtual
power management:

processor	: 3
vendor_id	: GenuineIntel
cpu family	: 6
model		: 61
model name	: Intel(R) Core(TM) i5-5200U CPU @ 2.20GHz
stepping	: 4
microcode	: 0x1f
cpu MHz		: 2532.921
cache size	: 3072 KB
physical id	: 0
siblings	: 4
core id		: 1
cpu cores	: 2
apicid		: 3
initial apicid	: 3
fpu		: yes
fpu_exception	: yes
cpuid level	: 20
wp		: yes
flags		: fpu vme de pse tsc msr pae mce cx8 apic sep mtrr pge mca cmov pat pse36 clflush dts acpi mmx fxsr sse sse2 ss ht tm pbe syscall nx pdpe1gb rdtscp lm constant_tsc arch_perfmon pebs bts rep_good nopl xtopology nonstop_tsc aperfmperf eagerfpu pni pclmulqdq dtes64 monitor ds_cpl vmx est tm2 ssse3 fma cx16 xtpr pdcm pcid sse4_1 sse4_2 x2apic movbe popcnt tsc_deadline_timer aes xsave avx f16c rdrand lahf_lm abm 3dnowprefetch ida arat epb pln pts dtherm intel_pt tpr_shadow vnmi flexpriority ept vpid fsgsbase tsc_adjust bmi1 avx2 smep bmi2 erms invpcid rdseed adx smap xsaveopt
bugs		:
bogomips	: 4389.50
clflush size	: 64
cache_alignment	: 64
address sizes	: 39 bits physical, 48 bits virtual
power management:



Memory: 4k page, physical 8078548k(52032k free), swap 1952252k(0k free)

vm_info: OpenJDK 64-Bit Server VM (25.66-b17) for linux-amd64 JRE (1.8.0_66-internal-b17), built on Oct 21 2015 22:08:46 by "buildd" with gcc 5.2.1 20151010

time: Mon Jan 18 19:05:17 2016
elapsed time: 2 seconds (0d 0h 0m 2s)

